2022-11-13 00:04:56.406  INFO 15812 --- [restartedMain] c.b.t.TravelBookingBeApplication         : Starting TravelBookingBeApplication using Java 17.0.4.1 on MacOnes-MBP-2 with PID 15812 (/Users/tranduykhanh/Documents/KHANH_TD/tham_khao/target/classes started by tranduykhanh in /Users/tranduykhanh/Documents/KHANH_TD/tham_khao)
2022-11-13 00:04:56.407  INFO 15812 --- [restartedMain] c.b.t.TravelBookingBeApplication         : No active profile set, falling back to 1 default profile: "default"
2022-11-13 00:04:56.465  INFO 15812 --- [restartedMain] .e.DevToolsPropertyDefaultsPostProcessor : Devtools property defaults active! Set 'spring.devtools.add-properties' to 'false' to disable
2022-11-13 00:04:56.465  INFO 15812 --- [restartedMain] .e.DevToolsPropertyDefaultsPostProcessor : For additional web related logging consider setting the 'logging.level.web' property to 'DEBUG'
2022-11-13 00:04:57.357  INFO 15812 --- [restartedMain] .s.d.r.c.RepositoryConfigurationDelegate : Bootstrapping Spring Data JPA repositories in DEFAULT mode.
2022-11-13 00:04:57.435  INFO 15812 --- [restartedMain] .s.d.r.c.RepositoryConfigurationDelegate : Finished Spring Data repository scanning in 67 ms. Found 1 JPA repository interfaces.
2022-11-13 00:04:57.787  INFO 15812 --- [restartedMain] trationDelegate$BeanPostProcessorChecker : Bean 'org.springframework.ws.config.annotation.DelegatingWsConfiguration' of type [org.springframework.ws.config.annotation.DelegatingWsConfiguration$$EnhancerBySpringCGLIB$$fc44bc94] is not eligible for getting processed by all BeanPostProcessors (for example: not eligible for auto-proxying)
2022-11-13 00:04:57.854  INFO 15812 --- [restartedMain] .w.s.a.s.AnnotationActionEndpointMapping : Supporting [WS-Addressing August 2004, WS-Addressing 1.0]
2022-11-13 00:04:58.391  INFO 15812 --- [restartedMain] o.s.b.w.embedded.tomcat.TomcatWebServer  : Tomcat initialized with port(s): 8080 (http)
2022-11-13 00:04:58.402  INFO 15812 --- [restartedMain] o.apache.catalina.core.StandardService   : Starting service [Tomcat]
2022-11-13 00:04:58.403  INFO 15812 --- [restartedMain] org.apache.catalina.core.StandardEngine  : Starting Servlet engine: [Apache Tomcat/9.0.65]
2022-11-13 00:04:58.465  INFO 15812 --- [restartedMain] o.a.c.c.C.[Tomcat].[localhost].[/]       : Initializing Spring embedded WebApplicationContext
2022-11-13 00:04:58.465  INFO 15812 --- [restartedMain] w.s.c.ServletWebServerApplicationContext : Root WebApplicationContext: initialization completed in 1999 ms
2022-11-13 00:04:58.724  INFO 15812 --- [restartedMain] o.hibernate.jpa.internal.util.LogHelper  : HHH000204: Processing PersistenceUnitInfo [name: default]
2022-11-13 00:04:58.781  INFO 15812 --- [restartedMain] org.hibernate.Version                    : HHH000412: Hibernate ORM core version 5.6.10.Final
2022-11-13 00:04:58.978  INFO 15812 --- [restartedMain] o.hibernate.annotations.common.Version   : HCANN000001: Hibernate Commons Annotations {5.1.2.Final}
2022-11-13 00:04:59.085  INFO 15812 --- [restartedMain] com.zaxxer.hikari.HikariDataSource       : HikariPool-1 - Starting...
2022-11-13 00:04:59.171  INFO 15812 --- [restartedMain] com.zaxxer.hikari.HikariDataSource       : HikariPool-1 - Start completed.
2022-11-13 00:04:59.204  INFO 15812 --- [restartedMain] org.hibernate.dialect.Dialect            : HHH000400: Using dialect: org.hibernate.dialect.MariaDBDialect
2022-11-13 00:05:00.202  INFO 15812 --- [restartedMain] o.h.e.t.j.p.i.JtaPlatformInitiator       : HHH000490: Using JtaPlatform implementation: [org.hibernate.engine.transaction.jta.platform.internal.NoJtaPlatform]
2022-11-13 00:05:00.222  INFO 15812 --- [restartedMain] j.LocalContainerEntityManagerFactoryBean : Initialized JPA EntityManagerFactory for persistence unit 'default'
2022-11-13 00:05:00.689  WARN 15812 --- [restartedMain] JpaBaseConfiguration$JpaWebConfiguration : spring.jpa.open-in-view is enabled by default. Therefore, database queries may be performed during view rendering. Explicitly configure spring.jpa.open-in-view to disable this warning
2022-11-13 00:05:01.475  INFO 15812 --- [restartedMain] o.s.s.web.DefaultSecurityFilterChain     : Will secure any request with [org.springframework.security.web.session.DisableEncodeUrlFilter@3e2709bd, org.springframework.security.web.context.request.async.WebAsyncManagerIntegrationFilter@f54a08f, org.springframework.security.web.context.SecurityContextPersistenceFilter@618af202, org.springframework.security.web.header.HeaderWriterFilter@1bec807f, org.springframework.web.filter.CorsFilter@6d1872b7, org.springframework.security.web.authentication.logout.LogoutFilter@65a136aa, AuthTokenFilter@256fd273, org.springframework.security.web.savedrequest.RequestCacheAwareFilter@197d83e0, org.springframework.security.web.servletapi.SecurityContextHolderAwareRequestFilter@3a8965c6, org.springframework.security.web.authentication.AnonymousAuthenticationFilter@27dd545d, org.springframework.security.web.session.SessionManagementFilter@255c6514, org.springframework.security.web.access.ExceptionTranslationFilter@5795811e, org.springframework.security.web.access.intercept.FilterSecurityInterceptor@564faab6]
2022-11-13 00:05:01.924  INFO 15812 --- [restartedMain] o.s.b.d.a.OptionalLiveReloadServer       : LiveReload server is running on port 35729
2022-11-13 00:05:01.985  INFO 15812 --- [restartedMain] o.s.b.w.embedded.tomcat.TomcatWebServer  : Tomcat started on port(s): 8080 (http) with context path ''
2022-11-13 00:05:02.000  INFO 15812 --- [restartedMain] c.b.t.TravelBookingBeApplication         : Started TravelBookingBeApplication in 6.171 seconds (JVM running for 7.769)
2022-11-13 00:06:06.756  INFO 15812 --- [SpringApplicationShutdownHook] j.LocalContainerEntityManagerFactoryBean : Closing JPA EntityManagerFactory for persistence unit 'default'
2022-11-13 00:06:06.772  INFO 15812 --- [SpringApplicationShutdownHook] com.zaxxer.hikari.HikariDataSource       : HikariPool-1 - Shutdown initiated...
2022-11-13 00:06:06.792  INFO 15812 --- [SpringApplicationShutdownHook] com.zaxxer.hikari.HikariDataSource       : HikariPool-1 - Shutdown completed.
2022-11-13 00:06:17.741  INFO 15896 --- [restartedMain] c.b.t.TravelBookingBeApplication         : Starting TravelBookingBeApplication using Java 17.0.4.1 on MacOnes-MBP-2 with PID 15896 (/Users/tranduykhanh/Documents/KHANH_TD/tham_khao/target/classes started by tranduykhanh in /Users/tranduykhanh/Documents/KHANH_TD/tham_khao)
2022-11-13 00:06:17.742  INFO 15896 --- [restartedMain] c.b.t.TravelBookingBeApplication         : No active profile set, falling back to 1 default profile: "default"
2022-11-13 00:06:17.799  INFO 15896 --- [restartedMain] .e.DevToolsPropertyDefaultsPostProcessor : Devtools property defaults active! Set 'spring.devtools.add-properties' to 'false' to disable
2022-11-13 00:06:17.800  INFO 15896 --- [restartedMain] .e.DevToolsPropertyDefaultsPostProcessor : For additional web related logging consider setting the 'logging.level.web' property to 'DEBUG'
2022-11-13 00:06:18.572  INFO 15896 --- [restartedMain] .s.d.r.c.RepositoryConfigurationDelegate : Bootstrapping Spring Data JPA repositories in DEFAULT mode.
2022-11-13 00:06:18.650  INFO 15896 --- [restartedMain] .s.d.r.c.RepositoryConfigurationDelegate : Finished Spring Data repository scanning in 66 ms. Found 1 JPA repository interfaces.
2022-11-13 00:06:19.172  INFO 15896 --- [restartedMain] trationDelegate$BeanPostProcessorChecker : Bean 'org.springframework.ws.config.annotation.DelegatingWsConfiguration' of type [org.springframework.ws.config.annotation.DelegatingWsConfiguration$$EnhancerBySpringCGLIB$$c13e17ba] is not eligible for getting processed by all BeanPostProcessors (for example: not eligible for auto-proxying)
2022-11-13 00:06:19.228  INFO 15896 --- [restartedMain] .w.s.a.s.AnnotationActionEndpointMapping : Supporting [WS-Addressing August 2004, WS-Addressing 1.0]
2022-11-13 00:06:19.696  INFO 15896 --- [restartedMain] o.s.b.w.embedded.tomcat.TomcatWebServer  : Tomcat initialized with port(s): 8080 (http)
2022-11-13 00:06:19.705  INFO 15896 --- [restartedMain] o.apache.catalina.core.StandardService   : Starting service [Tomcat]
2022-11-13 00:06:19.706  INFO 15896 --- [restartedMain] org.apache.catalina.core.StandardEngine  : Starting Servlet engine: [Apache Tomcat/9.0.65]
2022-11-13 00:06:19.773  INFO 15896 --- [restartedMain] o.a.c.c.C.[Tomcat].[localhost].[/]       : Initializing Spring embedded WebApplicationContext
2022-11-13 00:06:19.773  INFO 15896 --- [restartedMain] w.s.c.ServletWebServerApplicationContext : Root WebApplicationContext: initialization completed in 1972 ms
2022-11-13 00:06:19.987  INFO 15896 --- [restartedMain] o.hibernate.jpa.internal.util.LogHelper  : HHH000204: Processing PersistenceUnitInfo [name: default]
2022-11-13 00:06:20.056  INFO 15896 --- [restartedMain] org.hibernate.Version                    : HHH000412: Hibernate ORM core version 5.6.10.Final
2022-11-13 00:06:20.241  INFO 15896 --- [restartedMain] o.hibernate.annotations.common.Version   : HCANN000001: Hibernate Commons Annotations {5.1.2.Final}
2022-11-13 00:06:20.345  INFO 15896 --- [restartedMain] com.zaxxer.hikari.HikariDataSource       : HikariPool-1 - Starting...
2022-11-13 00:06:20.429  INFO 15896 --- [restartedMain] com.zaxxer.hikari.HikariDataSource       : HikariPool-1 - Start completed.
2022-11-13 00:06:20.450  INFO 15896 --- [restartedMain] org.hibernate.dialect.Dialect            : HHH000400: Using dialect: org.hibernate.dialect.MariaDBDialect
2022-11-13 00:06:21.261  INFO 15896 --- [restartedMain] o.h.e.t.j.p.i.JtaPlatformInitiator       : HHH000490: Using JtaPlatform implementation: [org.hibernate.engine.transaction.jta.platform.internal.NoJtaPlatform]
2022-11-13 00:06:21.271  INFO 15896 --- [restartedMain] j.LocalContainerEntityManagerFactoryBean : Initialized JPA EntityManagerFactory for persistence unit 'default'
2022-11-13 00:06:21.671  WARN 15896 --- [restartedMain] JpaBaseConfiguration$JpaWebConfiguration : spring.jpa.open-in-view is enabled by default. Therefore, database queries may be performed during view rendering. Explicitly configure spring.jpa.open-in-view to disable this warning
2022-11-13 00:06:22.154  INFO 15896 --- [restartedMain] o.s.s.web.DefaultSecurityFilterChain     : Will secure any request with [org.springframework.security.web.session.DisableEncodeUrlFilter@57ced6e5, org.springframework.security.web.context.request.async.WebAsyncManagerIntegrationFilter@7685311a, org.springframework.security.web.context.SecurityContextPersistenceFilter@7cf11950, org.springframework.security.web.header.HeaderWriterFilter@2c3051ed, org.springframework.web.filter.CorsFilter@46b6a9db, org.springframework.security.web.authentication.logout.LogoutFilter@70910dd8, AuthTokenFilter@3d647bd4, org.springframework.security.web.savedrequest.RequestCacheAwareFilter@30c6a431, org.springframework.security.web.servletapi.SecurityContextHolderAwareRequestFilter@18bd49a2, org.springframework.security.web.authentication.AnonymousAuthenticationFilter@145b892f, org.springframework.security.web.session.SessionManagementFilter@306ebe88, org.springframework.security.web.access.ExceptionTranslationFilter@da9c4a3, org.springframework.security.web.access.intercept.FilterSecurityInterceptor@17d0285a]
2022-11-13 00:06:22.361  INFO 15896 --- [restartedMain] o.s.b.d.a.OptionalLiveReloadServer       : LiveReload server is running on port 35729
2022-11-13 00:06:22.408  INFO 15896 --- [restartedMain] o.s.b.w.embedded.tomcat.TomcatWebServer  : Tomcat started on port(s): 8080 (http) with context path ''
2022-11-13 00:06:22.426  INFO 15896 --- [restartedMain] c.b.t.TravelBookingBeApplication         : Started TravelBookingBeApplication in 5.237 seconds (JVM running for 6.681)
2022-11-13 00:32:50.699  INFO 15896 --- [SpringApplicationShutdownHook] j.LocalContainerEntityManagerFactoryBean : Closing JPA EntityManagerFactory for persistence unit 'default'
2022-11-13 00:32:50.762  INFO 15896 --- [SpringApplicationShutdownHook] com.zaxxer.hikari.HikariDataSource       : HikariPool-1 - Shutdown initiated...
2022-11-13 00:32:50.899  INFO 15896 --- [SpringApplicationShutdownHook] com.zaxxer.hikari.HikariDataSource       : HikariPool-1 - Shutdown completed.
2022-11-13 00:33:04.404  INFO 17458 --- [restartedMain] c.b.t.TravelBookingBeApplication         : Starting TravelBookingBeApplication using Java 17.0.4.1 on MacOnes-MBP-2 with PID 17458 (/Users/tranduykhanh/Documents/KHANH_TD/tham_khao/target/classes started by tranduykhanh in /Users/tranduykhanh/Documents/KHANH_TD/tham_khao)
2022-11-13 00:33:04.406  INFO 17458 --- [restartedMain] c.b.t.TravelBookingBeApplication         : No active profile set, falling back to 1 default profile: "default"
2022-11-13 00:33:04.506  INFO 17458 --- [restartedMain] .e.DevToolsPropertyDefaultsPostProcessor : Devtools property defaults active! Set 'spring.devtools.add-properties' to 'false' to disable
2022-11-13 00:33:04.507  INFO 17458 --- [restartedMain] .e.DevToolsPropertyDefaultsPostProcessor : For additional web related logging consider setting the 'logging.level.web' property to 'DEBUG'
2022-11-13 00:33:06.400  INFO 17458 --- [restartedMain] .s.d.r.c.RepositoryConfigurationDelegate : Bootstrapping Spring Data JPA repositories in DEFAULT mode.
2022-11-13 00:33:06.523  INFO 17458 --- [restartedMain] .s.d.r.c.RepositoryConfigurationDelegate : Finished Spring Data repository scanning in 100 ms. Found 1 JPA repository interfaces.
2022-11-13 00:33:06.931  INFO 17458 --- [restartedMain] trationDelegate$BeanPostProcessorChecker : Bean 'org.springframework.ws.config.annotation.DelegatingWsConfiguration' of type [org.springframework.ws.config.annotation.DelegatingWsConfiguration$$EnhancerBySpringCGLIB$$fb678d5e] is not eligible for getting processed by all BeanPostProcessors (for example: not eligible for auto-proxying)
2022-11-13 00:33:07.034  INFO 17458 --- [restartedMain] .w.s.a.s.AnnotationActionEndpointMapping : Supporting [WS-Addressing August 2004, WS-Addressing 1.0]
2022-11-13 00:33:07.866  INFO 17458 --- [restartedMain] o.s.b.w.embedded.tomcat.TomcatWebServer  : Tomcat initialized with port(s): 8080 (http)
2022-11-13 00:33:07.895  INFO 17458 --- [restartedMain] o.apache.catalina.core.StandardService   : Starting service [Tomcat]
2022-11-13 00:33:07.895  INFO 17458 --- [restartedMain] org.apache.catalina.core.StandardEngine  : Starting Servlet engine: [Apache Tomcat/9.0.65]
2022-11-13 00:33:07.987  INFO 17458 --- [restartedMain] o.a.c.c.C.[Tomcat].[localhost].[/]       : Initializing Spring embedded WebApplicationContext
2022-11-13 00:33:07.988  INFO 17458 --- [restartedMain] w.s.c.ServletWebServerApplicationContext : Root WebApplicationContext: initialization completed in 3479 ms
2022-11-13 00:33:08.291  INFO 17458 --- [restartedMain] o.hibernate.jpa.internal.util.LogHelper  : HHH000204: Processing PersistenceUnitInfo [name: default]
2022-11-13 00:33:08.395  INFO 17458 --- [restartedMain] org.hibernate.Version                    : HHH000412: Hibernate ORM core version 5.6.10.Final
2022-11-13 00:33:08.661  INFO 17458 --- [restartedMain] o.hibernate.annotations.common.Version   : HCANN000001: Hibernate Commons Annotations {5.1.2.Final}
2022-11-13 00:33:08.859  INFO 17458 --- [restartedMain] com.zaxxer.hikari.HikariDataSource       : HikariPool-1 - Starting...
2022-11-13 00:33:08.978  INFO 17458 --- [restartedMain] com.zaxxer.hikari.HikariDataSource       : HikariPool-1 - Start completed.
2022-11-13 00:33:09.007  INFO 17458 --- [restartedMain] org.hibernate.dialect.Dialect            : HHH000400: Using dialect: org.hibernate.dialect.MariaDBDialect
2022-11-13 00:33:12.321  WARN 17458 --- [restartedMain] o.m.jdbc.message.server.ErrorPacket      : Error: 1091-42000: Can't DROP INDEX `UKr43af9ap4edm43mmtq01oddj6`; check that it exists
2022-11-13 00:33:12.341  WARN 17458 --- [restartedMain] o.m.jdbc.message.server.ErrorPacket      : Error: 1091-42000: Can't DROP INDEX `UK6dotkott2kjsp8vw4d0m25fb7`; check that it exists
2022-11-13 00:33:12.467  INFO 17458 --- [restartedMain] o.h.e.t.j.p.i.JtaPlatformInitiator       : HHH000490: Using JtaPlatform implementation: [org.hibernate.engine.transaction.jta.platform.internal.NoJtaPlatform]
2022-11-13 00:33:12.481  INFO 17458 --- [restartedMain] j.LocalContainerEntityManagerFactoryBean : Initialized JPA EntityManagerFactory for persistence unit 'default'
2022-11-13 00:33:13.285  WARN 17458 --- [restartedMain] JpaBaseConfiguration$JpaWebConfiguration : spring.jpa.open-in-view is enabled by default. Therefore, database queries may be performed during view rendering. Explicitly configure spring.jpa.open-in-view to disable this warning
2022-11-13 00:33:14.070  INFO 17458 --- [restartedMain] o.s.s.web.DefaultSecurityFilterChain     : Will secure any request with [org.springframework.security.web.session.DisableEncodeUrlFilter@5fadc182, org.springframework.security.web.context.request.async.WebAsyncManagerIntegrationFilter@56e190a1, org.springframework.security.web.context.SecurityContextPersistenceFilter@fbdaa8e, org.springframework.security.web.header.HeaderWriterFilter@4a95e12c, org.springframework.web.filter.CorsFilter@3d92e375, org.springframework.security.web.authentication.logout.LogoutFilter@32d93027, AuthTokenFilter@1764257f, org.springframework.security.web.savedrequest.RequestCacheAwareFilter@32e988af, org.springframework.security.web.servletapi.SecurityContextHolderAwareRequestFilter@50aa3187, org.springframework.security.web.authentication.AnonymousAuthenticationFilter@2c11a22f, org.springframework.security.web.session.SessionManagementFilter@793d0503, org.springframework.security.web.access.ExceptionTranslationFilter@4eb0710e, org.springframework.security.web.access.intercept.FilterSecurityInterceptor@2c40baea]
2022-11-13 00:33:14.550  INFO 17458 --- [restartedMain] o.s.b.d.a.OptionalLiveReloadServer       : LiveReload server is running on port 35729
2022-11-13 00:33:14.651  INFO 17458 --- [restartedMain] o.s.b.w.embedded.tomcat.TomcatWebServer  : Tomcat started on port(s): 8080 (http) with context path ''
2022-11-13 00:33:14.664  INFO 17458 --- [restartedMain] c.b.t.TravelBookingBeApplication         : Started TravelBookingBeApplication in 10.872 seconds (JVM running for 12.874)
2022-11-13 00:41:19.397  INFO 17458 --- [SpringApplicationShutdownHook] j.LocalContainerEntityManagerFactoryBean : Closing JPA EntityManagerFactory for persistence unit 'default'
2022-11-13 00:41:19.665  INFO 17458 --- [SpringApplicationShutdownHook] com.zaxxer.hikari.HikariDataSource       : HikariPool-1 - Shutdown initiated...
2022-11-13 00:41:19.814  INFO 17458 --- [SpringApplicationShutdownHook] com.zaxxer.hikari.HikariDataSource       : HikariPool-1 - Shutdown completed.
2022-11-13 00:41:46.341  INFO 17948 --- [restartedMain] c.b.t.TravelBookingBeApplication         : Starting TravelBookingBeApplication using Java 17.0.4.1 on MacOnes-MBP-2 with PID 17948 (/Users/tranduykhanh/Documents/KHANH_TD/tham_khao/target/classes started by tranduykhanh in /Users/tranduykhanh/Documents/KHANH_TD/tham_khao)
2022-11-13 00:41:46.342  INFO 17948 --- [restartedMain] c.b.t.TravelBookingBeApplication         : No active profile set, falling back to 1 default profile: "default"
2022-11-13 00:41:46.419  INFO 17948 --- [restartedMain] .e.DevToolsPropertyDefaultsPostProcessor : Devtools property defaults active! Set 'spring.devtools.add-properties' to 'false' to disable
2022-11-13 00:41:46.420  INFO 17948 --- [restartedMain] .e.DevToolsPropertyDefaultsPostProcessor : For additional web related logging consider setting the 'logging.level.web' property to 'DEBUG'
2022-11-13 00:41:47.230  INFO 17948 --- [restartedMain] .s.d.r.c.RepositoryConfigurationDelegate : Bootstrapping Spring Data JPA repositories in DEFAULT mode.
2022-11-13 00:41:47.314  INFO 17948 --- [restartedMain] .s.d.r.c.RepositoryConfigurationDelegate : Finished Spring Data repository scanning in 65 ms. Found 1 JPA repository interfaces.
2022-11-13 00:41:47.689  INFO 17948 --- [restartedMain] trationDelegate$BeanPostProcessorChecker : Bean 'org.springframework.ws.config.annotation.DelegatingWsConfiguration' of type [org.springframework.ws.config.annotation.DelegatingWsConfiguration$$EnhancerBySpringCGLIB$$c7d7b65a] is not eligible for getting processed by all BeanPostProcessors (for example: not eligible for auto-proxying)
2022-11-13 00:41:47.744  INFO 17948 --- [restartedMain] .w.s.a.s.AnnotationActionEndpointMapping : Supporting [WS-Addressing August 2004, WS-Addressing 1.0]
2022-11-13 00:41:48.329  INFO 17948 --- [restartedMain] o.s.b.w.embedded.tomcat.TomcatWebServer  : Tomcat initialized with port(s): 8080 (http)
2022-11-13 00:41:48.339  INFO 17948 --- [restartedMain] o.apache.catalina.core.StandardService   : Starting service [Tomcat]
2022-11-13 00:41:48.340  INFO 17948 --- [restartedMain] org.apache.catalina.core.StandardEngine  : Starting Servlet engine: [Apache Tomcat/9.0.65]
2022-11-13 00:41:48.433  INFO 17948 --- [restartedMain] o.a.c.c.C.[Tomcat].[localhost].[/]       : Initializing Spring embedded WebApplicationContext
2022-11-13 00:41:48.434  INFO 17948 --- [restartedMain] w.s.c.ServletWebServerApplicationContext : Root WebApplicationContext: initialization completed in 2014 ms
2022-11-13 00:41:48.726  INFO 17948 --- [restartedMain] o.hibernate.jpa.internal.util.LogHelper  : HHH000204: Processing PersistenceUnitInfo [name: default]
2022-11-13 00:41:48.786  INFO 17948 --- [restartedMain] org.hibernate.Version                    : HHH000412: Hibernate ORM core version 5.6.10.Final
2022-11-13 00:41:49.080  INFO 17948 --- [restartedMain] o.hibernate.annotations.common.Version   : HCANN000001: Hibernate Commons Annotations {5.1.2.Final}
2022-11-13 00:41:49.223  INFO 17948 --- [restartedMain] com.zaxxer.hikari.HikariDataSource       : HikariPool-1 - Starting...
2022-11-13 00:41:49.333  INFO 17948 --- [restartedMain] com.zaxxer.hikari.HikariDataSource       : HikariPool-1 - Start completed.
2022-11-13 00:41:49.365  INFO 17948 --- [restartedMain] org.hibernate.dialect.Dialect            : HHH000400: Using dialect: org.hibernate.dialect.MariaDBDialect
2022-11-13 00:41:50.403  WARN 17948 --- [restartedMain] o.m.jdbc.message.server.ErrorPacket      : Error: 1091-42000: Can't DROP INDEX `UKr43af9ap4edm43mmtq01oddj6`; check that it exists
2022-11-13 00:41:50.418  WARN 17948 --- [restartedMain] o.m.jdbc.message.server.ErrorPacket      : Error: 1091-42000: Can't DROP INDEX `UK6dotkott2kjsp8vw4d0m25fb7`; check that it exists
2022-11-13 00:41:50.525  INFO 17948 --- [restartedMain] o.h.e.t.j.p.i.JtaPlatformInitiator       : HHH000490: Using JtaPlatform implementation: [org.hibernate.engine.transaction.jta.platform.internal.NoJtaPlatform]
2022-11-13 00:41:50.539  INFO 17948 --- [restartedMain] j.LocalContainerEntityManagerFactoryBean : Initialized JPA EntityManagerFactory for persistence unit 'default'
2022-11-13 00:41:51.014  WARN 17948 --- [restartedMain] JpaBaseConfiguration$JpaWebConfiguration : spring.jpa.open-in-view is enabled by default. Therefore, database queries may be performed during view rendering. Explicitly configure spring.jpa.open-in-view to disable this warning
2022-11-13 00:41:51.660  INFO 17948 --- [restartedMain] o.s.s.web.DefaultSecurityFilterChain     : Will secure any request with [org.springframework.security.web.session.DisableEncodeUrlFilter@1a8dafe3, org.springframework.security.web.context.request.async.WebAsyncManagerIntegrationFilter@4222e819, org.springframework.security.web.context.SecurityContextPersistenceFilter@ce5576, org.springframework.security.web.header.HeaderWriterFilter@13f53084, org.springframework.web.filter.CorsFilter@2f6d2d24, org.springframework.security.web.authentication.logout.LogoutFilter@149eb34a, AuthTokenFilter@463300ea, org.springframework.security.web.savedrequest.RequestCacheAwareFilter@36aa5800, org.springframework.security.web.servletapi.SecurityContextHolderAwareRequestFilter@171583b, org.springframework.security.web.authentication.AnonymousAuthenticationFilter@3b82cf11, org.springframework.security.web.session.SessionManagementFilter@47b9abc2, org.springframework.security.web.access.ExceptionTranslationFilter@2a0d8a6f, org.springframework.security.web.access.intercept.FilterSecurityInterceptor@4d5dafcd]
2022-11-13 00:41:51.948  INFO 17948 --- [restartedMain] o.s.b.d.a.OptionalLiveReloadServer       : LiveReload server is running on port 35729
2022-11-13 00:41:52.009  INFO 17948 --- [restartedMain] o.s.b.w.embedded.tomcat.TomcatWebServer  : Tomcat started on port(s): 8080 (http) with context path ''
2022-11-13 00:41:52.024  INFO 17948 --- [restartedMain] c.b.t.TravelBookingBeApplication         : Started TravelBookingBeApplication in 6.464 seconds (JVM running for 8.484)
2022-11-13 00:44:51.538  INFO 17948 --- [SpringApplicationShutdownHook] j.LocalContainerEntityManagerFactoryBean : Closing JPA EntityManagerFactory for persistence unit 'default'
2022-11-13 00:44:51.595  INFO 17948 --- [SpringApplicationShutdownHook] com.zaxxer.hikari.HikariDataSource       : HikariPool-1 - Shutdown initiated...
2022-11-13 00:44:51.658  INFO 17948 --- [SpringApplicationShutdownHook] com.zaxxer.hikari.HikariDataSource       : HikariPool-1 - Shutdown completed.
2022-11-13 00:47:00.890  INFO 18282 --- [restartedMain] c.b.t.TravelBookingBeApplication         : Starting TravelBookingBeApplication using Java 17.0.4.1 on MacOnes-MBP-2 with PID 18282 (/Users/tranduykhanh/Documents/KHANH_TD/tham_khao/target/classes started by tranduykhanh in /Users/tranduykhanh/Documents/KHANH_TD/tham_khao)
2022-11-13 00:47:00.894  INFO 18282 --- [restartedMain] c.b.t.TravelBookingBeApplication         : No active profile set, falling back to 1 default profile: "default"
2022-11-13 00:47:01.031  INFO 18282 --- [restartedMain] .e.DevToolsPropertyDefaultsPostProcessor : Devtools property defaults active! Set 'spring.devtools.add-properties' to 'false' to disable
2022-11-13 00:47:01.032  INFO 18282 --- [restartedMain] .e.DevToolsPropertyDefaultsPostProcessor : For additional web related logging consider setting the 'logging.level.web' property to 'DEBUG'
2022-11-13 00:47:02.162  INFO 18282 --- [restartedMain] .s.d.r.c.RepositoryConfigurationDelegate : Bootstrapping Spring Data JPA repositories in DEFAULT mode.
2022-11-13 00:47:02.240  INFO 18282 --- [restartedMain] .s.d.r.c.RepositoryConfigurationDelegate : Finished Spring Data repository scanning in 68 ms. Found 1 JPA repository interfaces.
2022-11-13 00:47:02.628  INFO 18282 --- [restartedMain] trationDelegate$BeanPostProcessorChecker : Bean 'org.springframework.ws.config.annotation.DelegatingWsConfiguration' of type [org.springframework.ws.config.annotation.DelegatingWsConfiguration$$EnhancerBySpringCGLIB$$8877afc0] is not eligible for getting processed by all BeanPostProcessors (for example: not eligible for auto-proxying)
2022-11-13 00:47:02.679  INFO 18282 --- [restartedMain] .w.s.a.s.AnnotationActionEndpointMapping : Supporting [WS-Addressing August 2004, WS-Addressing 1.0]
2022-11-13 00:47:03.264  INFO 18282 --- [restartedMain] o.s.b.w.embedded.tomcat.TomcatWebServer  : Tomcat initialized with port(s): 8080 (http)
2022-11-13 00:47:03.272  INFO 18282 --- [restartedMain] o.apache.catalina.core.StandardService   : Starting service [Tomcat]
2022-11-13 00:47:03.273  INFO 18282 --- [restartedMain] org.apache.catalina.core.StandardEngine  : Starting Servlet engine: [Apache Tomcat/9.0.65]
2022-11-13 00:47:03.349  INFO 18282 --- [restartedMain] o.a.c.c.C.[Tomcat].[localhost].[/]       : Initializing Spring embedded WebApplicationContext
2022-11-13 00:47:03.349  INFO 18282 --- [restartedMain] w.s.c.ServletWebServerApplicationContext : Root WebApplicationContext: initialization completed in 2316 ms
2022-11-13 00:47:03.609  INFO 18282 --- [restartedMain] o.hibernate.jpa.internal.util.LogHelper  : HHH000204: Processing PersistenceUnitInfo [name: default]
2022-11-13 00:47:03.686  INFO 18282 --- [restartedMain] org.hibernate.Version                    : HHH000412: Hibernate ORM core version 5.6.10.Final
2022-11-13 00:47:03.925  INFO 18282 --- [restartedMain] o.hibernate.annotations.common.Version   : HCANN000001: Hibernate Commons Annotations {5.1.2.Final}
2022-11-13 00:47:04.068  INFO 18282 --- [restartedMain] com.zaxxer.hikari.HikariDataSource       : HikariPool-1 - Starting...
2022-11-13 00:47:04.178  INFO 18282 --- [restartedMain] com.zaxxer.hikari.HikariDataSource       : HikariPool-1 - Start completed.
2022-11-13 00:47:04.208  INFO 18282 --- [restartedMain] org.hibernate.dialect.Dialect            : HHH000400: Using dialect: org.hibernate.dialect.MariaDBDialect
2022-11-13 00:47:05.707  INFO 18282 --- [restartedMain] o.h.e.t.j.p.i.JtaPlatformInitiator       : HHH000490: Using JtaPlatform implementation: [org.hibernate.engine.transaction.jta.platform.internal.NoJtaPlatform]
2022-11-13 00:47:05.732  INFO 18282 --- [restartedMain] j.LocalContainerEntityManagerFactoryBean : Initialized JPA EntityManagerFactory for persistence unit 'default'
2022-11-13 00:47:06.277  WARN 18282 --- [restartedMain] JpaBaseConfiguration$JpaWebConfiguration : spring.jpa.open-in-view is enabled by default. Therefore, database queries may be performed during view rendering. Explicitly configure spring.jpa.open-in-view to disable this warning
2022-11-13 00:47:06.956  INFO 18282 --- [restartedMain] o.s.s.web.DefaultSecurityFilterChain     : Will secure any request with [org.springframework.security.web.session.DisableEncodeUrlFilter@21b112f4, org.springframework.security.web.context.request.async.WebAsyncManagerIntegrationFilter@10ca9e9f, org.springframework.security.web.context.SecurityContextPersistenceFilter@5ba7ccbe, org.springframework.security.web.header.HeaderWriterFilter@41da4b53, org.springframework.web.filter.CorsFilter@343bd334, org.springframework.security.web.authentication.logout.LogoutFilter@690d80f2, AuthTokenFilter@2df034c5, org.springframework.security.web.savedrequest.RequestCacheAwareFilter@5ee6d69c, org.springframework.security.web.servletapi.SecurityContextHolderAwareRequestFilter@6bc0685b, org.springframework.security.web.authentication.AnonymousAuthenticationFilter@de4dd54, org.springframework.security.web.session.SessionManagementFilter@7dc45569, org.springframework.security.web.access.ExceptionTranslationFilter@619b5bac, org.springframework.security.web.access.intercept.FilterSecurityInterceptor@236fc746]
2022-11-13 00:47:07.251  INFO 18282 --- [restartedMain] o.s.b.d.a.OptionalLiveReloadServer       : LiveReload server is running on port 35729
2022-11-13 00:47:07.302  INFO 18282 --- [restartedMain] o.s.b.w.embedded.tomcat.TomcatWebServer  : Tomcat started on port(s): 8080 (http) with context path ''
2022-11-13 00:47:07.316  INFO 18282 --- [restartedMain] c.b.t.TravelBookingBeApplication         : Started TravelBookingBeApplication in 7.359 seconds (JVM running for 9.078)
2022-11-13 00:48:49.827  INFO 18282 --- [SpringApplicationShutdownHook] j.LocalContainerEntityManagerFactoryBean : Closing JPA EntityManagerFactory for persistence unit 'default'
2022-11-13 00:48:50.329  INFO 18282 --- [SpringApplicationShutdownHook] com.zaxxer.hikari.HikariDataSource       : HikariPool-1 - Shutdown initiated...
2022-11-13 00:48:50.487  INFO 18282 --- [SpringApplicationShutdownHook] com.zaxxer.hikari.HikariDataSource       : HikariPool-1 - Shutdown completed.
2022-11-13 00:48:57.812  INFO 18394 --- [restartedMain] c.b.t.TravelBookingBeApplication         : Starting TravelBookingBeApplication using Java 17.0.4.1 on MacOnes-MBP-2 with PID 18394 (/Users/tranduykhanh/Documents/KHANH_TD/tham_khao/target/classes started by tranduykhanh in /Users/tranduykhanh/Documents/KHANH_TD/tham_khao)
2022-11-13 00:48:57.814  INFO 18394 --- [restartedMain] c.b.t.TravelBookingBeApplication         : No active profile set, falling back to 1 default profile: "default"
2022-11-13 00:48:57.971  INFO 18394 --- [restartedMain] .e.DevToolsPropertyDefaultsPostProcessor : Devtools property defaults active! Set 'spring.devtools.add-properties' to 'false' to disable
2022-11-13 00:48:57.971  INFO 18394 --- [restartedMain] .e.DevToolsPropertyDefaultsPostProcessor : For additional web related logging consider setting the 'logging.level.web' property to 'DEBUG'
2022-11-13 00:48:59.870  INFO 18394 --- [restartedMain] .s.d.r.c.RepositoryConfigurationDelegate : Bootstrapping Spring Data JPA repositories in DEFAULT mode.
2022-11-13 00:48:59.998  INFO 18394 --- [restartedMain] .s.d.r.c.RepositoryConfigurationDelegate : Finished Spring Data repository scanning in 118 ms. Found 1 JPA repository interfaces.
2022-11-13 00:49:00.412  INFO 18394 --- [restartedMain] trationDelegate$BeanPostProcessorChecker : Bean 'org.springframework.ws.config.annotation.DelegatingWsConfiguration' of type [org.springframework.ws.config.annotation.DelegatingWsConfiguration$$EnhancerBySpringCGLIB$$5013472e] is not eligible for getting processed by all BeanPostProcessors (for example: not eligible for auto-proxying)
2022-11-13 00:49:00.466  INFO 18394 --- [restartedMain] .w.s.a.s.AnnotationActionEndpointMapping : Supporting [WS-Addressing August 2004, WS-Addressing 1.0]
2022-11-13 00:49:01.196  INFO 18394 --- [restartedMain] o.s.b.w.embedded.tomcat.TomcatWebServer  : Tomcat initialized with port(s): 8080 (http)
2022-11-13 00:49:01.211  INFO 18394 --- [restartedMain] o.apache.catalina.core.StandardService   : Starting service [Tomcat]
2022-11-13 00:49:01.212  INFO 18394 --- [restartedMain] org.apache.catalina.core.StandardEngine  : Starting Servlet engine: [Apache Tomcat/9.0.65]
2022-11-13 00:49:01.343  INFO 18394 --- [restartedMain] o.a.c.c.C.[Tomcat].[localhost].[/]       : Initializing Spring embedded WebApplicationContext
2022-11-13 00:49:01.344  INFO 18394 --- [restartedMain] w.s.c.ServletWebServerApplicationContext : Root WebApplicationContext: initialization completed in 3372 ms
2022-11-13 00:49:01.677  INFO 18394 --- [restartedMain] o.hibernate.jpa.internal.util.LogHelper  : HHH000204: Processing PersistenceUnitInfo [name: default]
2022-11-13 00:49:01.789  INFO 18394 --- [restartedMain] org.hibernate.Version                    : HHH000412: Hibernate ORM core version 5.6.10.Final
2022-11-13 00:49:02.071  INFO 18394 --- [restartedMain] o.hibernate.annotations.common.Version   : HCANN000001: Hibernate Commons Annotations {5.1.2.Final}
2022-11-13 00:49:02.192  INFO 18394 --- [restartedMain] com.zaxxer.hikari.HikariDataSource       : HikariPool-1 - Starting...
2022-11-13 00:49:02.309  INFO 18394 --- [restartedMain] com.zaxxer.hikari.HikariDataSource       : HikariPool-1 - Start completed.
2022-11-13 00:49:02.336  INFO 18394 --- [restartedMain] org.hibernate.dialect.Dialect            : HHH000400: Using dialect: org.hibernate.dialect.MariaDBDialect
2022-11-13 00:49:03.441  WARN 18394 --- [restartedMain] o.m.jdbc.message.server.ErrorPacket      : Error: 1091-42000: Can't DROP INDEX `UKr43af9ap4edm43mmtq01oddj6`; check that it exists
2022-11-13 00:49:03.456  WARN 18394 --- [restartedMain] o.m.jdbc.message.server.ErrorPacket      : Error: 1091-42000: Can't DROP INDEX `UK6dotkott2kjsp8vw4d0m25fb7`; check that it exists
2022-11-13 00:49:03.587  INFO 18394 --- [restartedMain] o.h.e.t.j.p.i.JtaPlatformInitiator       : HHH000490: Using JtaPlatform implementation: [org.hibernate.engine.transaction.jta.platform.internal.NoJtaPlatform]
2022-11-13 00:49:03.601  INFO 18394 --- [restartedMain] j.LocalContainerEntityManagerFactoryBean : Initialized JPA EntityManagerFactory for persistence unit 'default'
2022-11-13 00:49:04.100  WARN 18394 --- [restartedMain] JpaBaseConfiguration$JpaWebConfiguration : spring.jpa.open-in-view is enabled by default. Therefore, database queries may be performed during view rendering. Explicitly configure spring.jpa.open-in-view to disable this warning
2022-11-13 00:49:04.806  INFO 18394 --- [restartedMain] o.s.s.web.DefaultSecurityFilterChain     : Will secure any request with [org.springframework.security.web.session.DisableEncodeUrlFilter@66ac3c21, org.springframework.security.web.context.request.async.WebAsyncManagerIntegrationFilter@38028abc, org.springframework.security.web.context.SecurityContextPersistenceFilter@47d7733e, org.springframework.security.web.header.HeaderWriterFilter@15b44d28, org.springframework.web.filter.CorsFilter@50d00147, org.springframework.security.web.authentication.logout.LogoutFilter@6bfb315e, AuthTokenFilter@27ef0ec3, org.springframework.security.web.savedrequest.RequestCacheAwareFilter@2a4cc277, org.springframework.security.web.servletapi.SecurityContextHolderAwareRequestFilter@26755a00, org.springframework.security.web.authentication.AnonymousAuthenticationFilter@484af604, org.springframework.security.web.session.SessionManagementFilter@73e5e08a, org.springframework.security.web.access.ExceptionTranslationFilter@2e39284d, org.springframework.security.web.access.intercept.FilterSecurityInterceptor@6657675f]
2022-11-13 00:49:05.109  INFO 18394 --- [restartedMain] o.s.b.d.a.OptionalLiveReloadServer       : LiveReload server is running on port 35729
2022-11-13 00:49:05.156  INFO 18394 --- [restartedMain] o.s.b.w.embedded.tomcat.TomcatWebServer  : Tomcat started on port(s): 8080 (http) with context path ''
2022-11-13 00:49:05.171  INFO 18394 --- [restartedMain] c.b.t.TravelBookingBeApplication         : Started TravelBookingBeApplication in 8.099 seconds (JVM running for 10.434)
2022-11-13 00:52:01.780  INFO 18394 --- [SpringApplicationShutdownHook] j.LocalContainerEntityManagerFactoryBean : Closing JPA EntityManagerFactory for persistence unit 'default'
2022-11-13 00:52:01.844  INFO 18394 --- [SpringApplicationShutdownHook] com.zaxxer.hikari.HikariDataSource       : HikariPool-1 - Shutdown initiated...
2022-11-13 00:52:01.888  INFO 18394 --- [SpringApplicationShutdownHook] com.zaxxer.hikari.HikariDataSource       : HikariPool-1 - Shutdown completed.
2022-11-13 01:01:33.408  INFO 18609 --- [SpringApplicationShutdownHook] j.LocalContainerEntityManagerFactoryBean : Closing JPA EntityManagerFactory for persistence unit 'default'
2022-11-13 01:01:33.446  INFO 18609 --- [SpringApplicationShutdownHook] com.zaxxer.hikari.HikariDataSource       : HikariPool-1 - Shutdown initiated...
2022-11-13 01:01:33.501  INFO 18609 --- [SpringApplicationShutdownHook] com.zaxxer.hikari.HikariDataSource       : HikariPool-1 - Shutdown completed.
2022-11-13 01:02:02.733  INFO 19222 --- [restartedMain] c.newsApp_be.TravelBookingBeApplication  : Starting TravelBookingBeApplication using Java 17.0.4.1 on MacOnes-MBP-2 with PID 19222 (/Users/tranduykhanh/Documents/KHANH_TD/tham_khao/target/classes started by tranduykhanh in /Users/tranduykhanh/Documents/KHANH_TD/tham_khao)
2022-11-13 01:02:02.735  INFO 19222 --- [restartedMain] c.newsApp_be.TravelBookingBeApplication  : No active profile set, falling back to 1 default profile: "default"
2022-11-13 01:02:02.839  INFO 19222 --- [restartedMain] .e.DevToolsPropertyDefaultsPostProcessor : Devtools property defaults active! Set 'spring.devtools.add-properties' to 'false' to disable
2022-11-13 01:02:02.839  INFO 19222 --- [restartedMain] .e.DevToolsPropertyDefaultsPostProcessor : For additional web related logging consider setting the 'logging.level.web' property to 'DEBUG'
2022-11-13 01:02:03.948  INFO 19222 --- [restartedMain] .s.d.r.c.RepositoryConfigurationDelegate : Bootstrapping Spring Data JPA repositories in DEFAULT mode.
2022-11-13 01:02:04.040  INFO 19222 --- [restartedMain] .s.d.r.c.RepositoryConfigurationDelegate : Finished Spring Data repository scanning in 72 ms. Found 1 JPA repository interfaces.
2022-11-13 01:02:04.518  INFO 19222 --- [restartedMain] trationDelegate$BeanPostProcessorChecker : Bean 'org.springframework.ws.config.annotation.DelegatingWsConfiguration' of type [org.springframework.ws.config.annotation.DelegatingWsConfiguration$$EnhancerBySpringCGLIB$$72b542f3] is not eligible for getting processed by all BeanPostProcessors (for example: not eligible for auto-proxying)
2022-11-13 01:02:04.594  INFO 19222 --- [restartedMain] .w.s.a.s.AnnotationActionEndpointMapping : Supporting [WS-Addressing August 2004, WS-Addressing 1.0]
2022-11-13 01:02:05.337  INFO 19222 --- [restartedMain] o.s.b.w.embedded.tomcat.TomcatWebServer  : Tomcat initialized with port(s): 8080 (http)
2022-11-13 01:02:05.358  INFO 19222 --- [restartedMain] o.apache.catalina.core.StandardService   : Starting service [Tomcat]
2022-11-13 01:02:05.359  INFO 19222 --- [restartedMain] org.apache.catalina.core.StandardEngine  : Starting Servlet engine: [Apache Tomcat/9.0.65]
2022-11-13 01:02:05.459  INFO 19222 --- [restartedMain] o.a.c.c.C.[Tomcat].[localhost].[/]       : Initializing Spring embedded WebApplicationContext
2022-11-13 01:02:05.460  INFO 19222 --- [restartedMain] w.s.c.ServletWebServerApplicationContext : Root WebApplicationContext: initialization completed in 2620 ms
2022-11-13 01:02:05.772  INFO 19222 --- [restartedMain] o.hibernate.jpa.internal.util.LogHelper  : HHH000204: Processing PersistenceUnitInfo [name: default]
2022-11-13 01:02:05.925  INFO 19222 --- [restartedMain] org.hibernate.Version                    : HHH000412: Hibernate ORM core version 5.6.10.Final
2022-11-13 01:02:06.187  INFO 19222 --- [restartedMain] o.hibernate.annotations.common.Version   : HCANN000001: Hibernate Commons Annotations {5.1.2.Final}
2022-11-13 01:02:06.376  INFO 19222 --- [restartedMain] com.zaxxer.hikari.HikariDataSource       : HikariPool-1 - Starting...
2022-11-13 01:02:06.657  INFO 19222 --- [restartedMain] com.zaxxer.hikari.HikariDataSource       : HikariPool-1 - Start completed.
2022-11-13 01:02:06.686  INFO 19222 --- [restartedMain] org.hibernate.dialect.Dialect            : HHH000400: Using dialect: org.hibernate.dialect.MariaDBDialect
2022-11-13 01:02:08.199  INFO 19222 --- [restartedMain] o.h.e.t.j.p.i.JtaPlatformInitiator       : HHH000490: Using JtaPlatform implementation: [org.hibernate.engine.transaction.jta.platform.internal.NoJtaPlatform]
2022-11-13 01:02:08.238  INFO 19222 --- [restartedMain] j.LocalContainerEntityManagerFactoryBean : Initialized JPA EntityManagerFactory for persistence unit 'default'
2022-11-13 01:02:08.793  WARN 19222 --- [restartedMain] JpaBaseConfiguration$JpaWebConfiguration : spring.jpa.open-in-view is enabled by default. Therefore, database queries may be performed during view rendering. Explicitly configure spring.jpa.open-in-view to disable this warning
2022-11-13 01:02:09.567  INFO 19222 --- [restartedMain] o.s.s.web.DefaultSecurityFilterChain     : Will secure any request with [org.springframework.security.web.session.DisableEncodeUrlFilter@5be79866, org.springframework.security.web.context.request.async.WebAsyncManagerIntegrationFilter@1ba8abbe, org.springframework.security.web.context.SecurityContextPersistenceFilter@1dc86187, org.springframework.security.web.header.HeaderWriterFilter@1e63f351, org.springframework.web.filter.CorsFilter@6dc17139, org.springframework.security.web.authentication.logout.LogoutFilter@2d8ba925, com.newsApp_be.security.jwt.AuthTokenFilter@5c511add, org.springframework.security.web.savedrequest.RequestCacheAwareFilter@1646e806, org.springframework.security.web.servletapi.SecurityContextHolderAwareRequestFilter@4670ee78, org.springframework.security.web.authentication.AnonymousAuthenticationFilter@603a8efe, org.springframework.security.web.session.SessionManagementFilter@7f3c7aeb, org.springframework.security.web.access.ExceptionTranslationFilter@4c7fd4f1, org.springframework.security.web.access.intercept.FilterSecurityInterceptor@4e26222f]
2022-11-13 01:02:10.036  INFO 19222 --- [restartedMain] o.s.b.d.a.OptionalLiveReloadServer       : LiveReload server is running on port 35729
2022-11-13 01:02:10.085  INFO 19222 --- [restartedMain] o.s.b.w.embedded.tomcat.TomcatWebServer  : Tomcat started on port(s): 8080 (http) with context path ''
2022-11-13 01:02:10.098  INFO 19222 --- [restartedMain] c.newsApp_be.TravelBookingBeApplication  : Started TravelBookingBeApplication in 8.281 seconds (JVM running for 9.769)
2022-11-13 01:03:30.018  INFO 19222 --- [SpringApplicationShutdownHook] j.LocalContainerEntityManagerFactoryBean : Closing JPA EntityManagerFactory for persistence unit 'default'
2022-11-13 01:03:30.045  INFO 19222 --- [SpringApplicationShutdownHook] com.zaxxer.hikari.HikariDataSource       : HikariPool-1 - Shutdown initiated...
2022-11-13 01:03:30.082  INFO 19222 --- [SpringApplicationShutdownHook] com.zaxxer.hikari.HikariDataSource       : HikariPool-1 - Shutdown completed.
2022-11-13 01:03:36.915  INFO 19331 --- [restartedMain] com.newsApp_be.NewsAppBeApplication      : Starting NewsAppBeApplication using Java 17.0.4.1 on MacOnes-MBP-2 with PID 19331 (/Users/tranduykhanh/Documents/KHANH_TD/tham_khao/target/classes started by tranduykhanh in /Users/tranduykhanh/Documents/KHANH_TD/tham_khao)
2022-11-13 01:03:36.916  INFO 19331 --- [restartedMain] com.newsApp_be.NewsAppBeApplication      : No active profile set, falling back to 1 default profile: "default"
2022-11-13 01:03:36.966  INFO 19331 --- [restartedMain] .e.DevToolsPropertyDefaultsPostProcessor : Devtools property defaults active! Set 'spring.devtools.add-properties' to 'false' to disable
2022-11-13 01:03:36.967  INFO 19331 --- [restartedMain] .e.DevToolsPropertyDefaultsPostProcessor : For additional web related logging consider setting the 'logging.level.web' property to 'DEBUG'
2022-11-13 01:03:37.941  INFO 19331 --- [restartedMain] .s.d.r.c.RepositoryConfigurationDelegate : Bootstrapping Spring Data JPA repositories in DEFAULT mode.
2022-11-13 01:03:38.019  INFO 19331 --- [restartedMain] .s.d.r.c.RepositoryConfigurationDelegate : Finished Spring Data repository scanning in 64 ms. Found 1 JPA repository interfaces.
2022-11-13 01:03:38.466  INFO 19331 --- [restartedMain] trationDelegate$BeanPostProcessorChecker : Bean 'org.springframework.ws.config.annotation.DelegatingWsConfiguration' of type [org.springframework.ws.config.annotation.DelegatingWsConfiguration$$EnhancerBySpringCGLIB$$f765e2fb] is not eligible for getting processed by all BeanPostProcessors (for example: not eligible for auto-proxying)
2022-11-13 01:03:38.515  INFO 19331 --- [restartedMain] .w.s.a.s.AnnotationActionEndpointMapping : Supporting [WS-Addressing August 2004, WS-Addressing 1.0]
2022-11-13 01:03:39.182  INFO 19331 --- [restartedMain] o.s.b.w.embedded.tomcat.TomcatWebServer  : Tomcat initialized with port(s): 8080 (http)
2022-11-13 01:03:39.191  INFO 19331 --- [restartedMain] o.apache.catalina.core.StandardService   : Starting service [Tomcat]
2022-11-13 01:03:39.192  INFO 19331 --- [restartedMain] org.apache.catalina.core.StandardEngine  : Starting Servlet engine: [Apache Tomcat/9.0.65]
2022-11-13 01:03:39.294  INFO 19331 --- [restartedMain] o.a.c.c.C.[Tomcat].[localhost].[/]       : Initializing Spring embedded WebApplicationContext
2022-11-13 01:03:39.294  INFO 19331 --- [restartedMain] w.s.c.ServletWebServerApplicationContext : Root WebApplicationContext: initialization completed in 2327 ms
2022-11-13 01:03:39.607  INFO 19331 --- [restartedMain] o.hibernate.jpa.internal.util.LogHelper  : HHH000204: Processing PersistenceUnitInfo [name: default]
2022-11-13 01:03:39.680  INFO 19331 --- [restartedMain] org.hibernate.Version                    : HHH000412: Hibernate ORM core version 5.6.10.Final
2022-11-13 01:03:39.948  INFO 19331 --- [restartedMain] o.hibernate.annotations.common.Version   : HCANN000001: Hibernate Commons Annotations {5.1.2.Final}
2022-11-13 01:03:40.067  INFO 19331 --- [restartedMain] com.zaxxer.hikari.HikariDataSource       : HikariPool-1 - Starting...
2022-11-13 01:03:40.154  INFO 19331 --- [restartedMain] com.zaxxer.hikari.HikariDataSource       : HikariPool-1 - Start completed.
2022-11-13 01:03:40.195  INFO 19331 --- [restartedMain] org.hibernate.dialect.Dialect            : HHH000400: Using dialect: org.hibernate.dialect.MariaDBDialect
2022-11-13 01:03:41.021  INFO 19331 --- [restartedMain] o.h.e.t.j.p.i.JtaPlatformInitiator       : HHH000490: Using JtaPlatform implementation: [org.hibernate.engine.transaction.jta.platform.internal.NoJtaPlatform]
2022-11-13 01:03:41.032  INFO 19331 --- [restartedMain] j.LocalContainerEntityManagerFactoryBean : Initialized JPA EntityManagerFactory for persistence unit 'default'
2022-11-13 01:03:41.458  WARN 19331 --- [restartedMain] JpaBaseConfiguration$JpaWebConfiguration : spring.jpa.open-in-view is enabled by default. Therefore, database queries may be performed during view rendering. Explicitly configure spring.jpa.open-in-view to disable this warning
2022-11-13 01:03:41.992  INFO 19331 --- [restartedMain] o.s.s.web.DefaultSecurityFilterChain     : Will secure any request with [org.springframework.security.web.session.DisableEncodeUrlFilter@4f7ea719, org.springframework.security.web.context.request.async.WebAsyncManagerIntegrationFilter@58a8f01f, org.springframework.security.web.context.SecurityContextPersistenceFilter@61042554, org.springframework.security.web.header.HeaderWriterFilter@3083eb72, org.springframework.web.filter.CorsFilter@20d08115, org.springframework.security.web.authentication.logout.LogoutFilter@5c205a02, com.newsApp_be.security.jwt.AuthTokenFilter@5c24c309, org.springframework.security.web.savedrequest.RequestCacheAwareFilter@a819a27, org.springframework.security.web.servletapi.SecurityContextHolderAwareRequestFilter@73f5dd9, org.springframework.security.web.authentication.AnonymousAuthenticationFilter@7341f88d, org.springframework.security.web.session.SessionManagementFilter@5f9982f4, org.springframework.security.web.access.ExceptionTranslationFilter@59f04f0e, org.springframework.security.web.access.intercept.FilterSecurityInterceptor@a1381bc]
2022-11-13 01:03:42.334  INFO 19331 --- [restartedMain] o.s.b.d.a.OptionalLiveReloadServer       : LiveReload server is running on port 35729
2022-11-13 01:03:42.386  INFO 19331 --- [restartedMain] o.s.b.w.embedded.tomcat.TomcatWebServer  : Tomcat started on port(s): 8080 (http) with context path ''
2022-11-13 01:03:42.400  INFO 19331 --- [restartedMain] com.newsApp_be.NewsAppBeApplication      : Started NewsAppBeApplication in 6.064 seconds (JVM running for 7.71)
2022-11-13 01:08:19.078  INFO 19331 --- [SpringApplicationShutdownHook] j.LocalContainerEntityManagerFactoryBean : Closing JPA EntityManagerFactory for persistence unit 'default'
2022-11-13 01:08:19.113  INFO 19331 --- [SpringApplicationShutdownHook] com.zaxxer.hikari.HikariDataSource       : HikariPool-1 - Shutdown initiated...
2022-11-13 01:08:19.138  INFO 19331 --- [SpringApplicationShutdownHook] com.zaxxer.hikari.HikariDataSource       : HikariPool-1 - Shutdown completed.
2022-11-13 01:08:32.289  INFO 19596 --- [restartedMain] com.newsApp_be.NewsAppBeApplication      : Starting NewsAppBeApplication using Java 17.0.4.1 on MacOnes-MBP-2 with PID 19596 (/Users/tranduykhanh/Documents/KHANH_TD/tham_khao/target/classes started by tranduykhanh in /Users/tranduykhanh/Documents/KHANH_TD/tham_khao)
2022-11-13 01:08:32.292  INFO 19596 --- [restartedMain] com.newsApp_be.NewsAppBeApplication      : No active profile set, falling back to 1 default profile: "default"
2022-11-13 01:08:32.356  INFO 19596 --- [restartedMain] .e.DevToolsPropertyDefaultsPostProcessor : Devtools property defaults active! Set 'spring.devtools.add-properties' to 'false' to disable
2022-11-13 01:08:32.357  INFO 19596 --- [restartedMain] .e.DevToolsPropertyDefaultsPostProcessor : For additional web related logging consider setting the 'logging.level.web' property to 'DEBUG'
2022-11-13 01:08:33.366  INFO 19596 --- [restartedMain] .s.d.r.c.RepositoryConfigurationDelegate : Bootstrapping Spring Data JPA repositories in DEFAULT mode.
2022-11-13 01:08:33.433  INFO 19596 --- [restartedMain] .s.d.r.c.RepositoryConfigurationDelegate : Finished Spring Data repository scanning in 58 ms. Found 1 JPA repository interfaces.
2022-11-13 01:08:33.845  INFO 19596 --- [restartedMain] trationDelegate$BeanPostProcessorChecker : Bean 'org.springframework.ws.config.annotation.DelegatingWsConfiguration' of type [org.springframework.ws.config.annotation.DelegatingWsConfiguration$$EnhancerBySpringCGLIB$$deaaa4a7] is not eligible for getting processed by all BeanPostProcessors (for example: not eligible for auto-proxying)
2022-11-13 01:08:33.911  INFO 19596 --- [restartedMain] .w.s.a.s.AnnotationActionEndpointMapping : Supporting [WS-Addressing August 2004, WS-Addressing 1.0]
2022-11-13 01:08:34.472  INFO 19596 --- [restartedMain] o.s.b.w.embedded.tomcat.TomcatWebServer  : Tomcat initialized with port(s): 8080 (http)
2022-11-13 01:08:34.489  INFO 19596 --- [restartedMain] o.apache.catalina.core.StandardService   : Starting service [Tomcat]
2022-11-13 01:08:34.489  INFO 19596 --- [restartedMain] org.apache.catalina.core.StandardEngine  : Starting Servlet engine: [Apache Tomcat/9.0.65]
2022-11-13 01:08:34.568  INFO 19596 --- [restartedMain] o.a.c.c.C.[Tomcat].[localhost].[/]       : Initializing Spring embedded WebApplicationContext
2022-11-13 01:08:34.568  INFO 19596 --- [restartedMain] w.s.c.ServletWebServerApplicationContext : Root WebApplicationContext: initialization completed in 2210 ms
2022-11-13 01:08:34.784  INFO 19596 --- [restartedMain] o.hibernate.jpa.internal.util.LogHelper  : HHH000204: Processing PersistenceUnitInfo [name: default]
2022-11-13 01:08:34.852  INFO 19596 --- [restartedMain] org.hibernate.Version                    : HHH000412: Hibernate ORM core version 5.6.10.Final
2022-11-13 01:08:35.026  INFO 19596 --- [restartedMain] o.hibernate.annotations.common.Version   : HCANN000001: Hibernate Commons Annotations {5.1.2.Final}
2022-11-13 01:08:35.127  INFO 19596 --- [restartedMain] com.zaxxer.hikari.HikariDataSource       : HikariPool-1 - Starting...
2022-11-13 01:08:35.253  INFO 19596 --- [restartedMain] com.zaxxer.hikari.HikariDataSource       : HikariPool-1 - Start completed.
2022-11-13 01:08:35.271  INFO 19596 --- [restartedMain] org.hibernate.dialect.Dialect            : HHH000400: Using dialect: org.hibernate.dialect.MariaDBDialect
2022-11-13 01:08:36.119  INFO 19596 --- [restartedMain] o.h.e.t.j.p.i.JtaPlatformInitiator       : HHH000490: Using JtaPlatform implementation: [org.hibernate.engine.transaction.jta.platform.internal.NoJtaPlatform]
2022-11-13 01:08:36.129  INFO 19596 --- [restartedMain] j.LocalContainerEntityManagerFactoryBean : Initialized JPA EntityManagerFactory for persistence unit 'default'
2022-11-13 01:08:36.590  WARN 19596 --- [restartedMain] JpaBaseConfiguration$JpaWebConfiguration : spring.jpa.open-in-view is enabled by default. Therefore, database queries may be performed during view rendering. Explicitly configure spring.jpa.open-in-view to disable this warning
2022-11-13 01:08:37.164  INFO 19596 --- [restartedMain] o.s.s.web.DefaultSecurityFilterChain     : Will secure any request with [org.springframework.security.web.session.DisableEncodeUrlFilter@5b18f507, org.springframework.security.web.context.request.async.WebAsyncManagerIntegrationFilter@5e2f3138, org.springframework.security.web.context.SecurityContextPersistenceFilter@4a5675db, org.springframework.security.web.header.HeaderWriterFilter@4a4f0bed, org.springframework.web.filter.CorsFilter@4e9bfd3, org.springframework.security.web.authentication.logout.LogoutFilter@ce8db98, com.newsApp_be.security.jwt.AuthTokenFilter@7484f1b8, org.springframework.security.web.savedrequest.RequestCacheAwareFilter@f787a4d, org.springframework.security.web.servletapi.SecurityContextHolderAwareRequestFilter@4edcd554, org.springframework.security.web.authentication.AnonymousAuthenticationFilter@47f8811e, org.springframework.security.web.session.SessionManagementFilter@5fa7e41a, org.springframework.security.web.access.ExceptionTranslationFilter@6cc11d67, org.springframework.security.web.access.intercept.FilterSecurityInterceptor@7886b6c3]
2022-11-13 01:08:37.410  INFO 19596 --- [restartedMain] o.s.b.d.a.OptionalLiveReloadServer       : LiveReload server is running on port 35729
2022-11-13 01:08:37.466  INFO 19596 --- [restartedMain] o.s.b.w.embedded.tomcat.TomcatWebServer  : Tomcat started on port(s): 8080 (http) with context path ''
2022-11-13 01:08:37.483  INFO 19596 --- [restartedMain] com.newsApp_be.NewsAppBeApplication      : Started NewsAppBeApplication in 6.001 seconds (JVM running for 8.356)
2022-11-13 01:13:55.904  INFO 19596 --- [http-nio-8080-exec-2] o.a.c.c.C.[Tomcat].[localhost].[/]       : Initializing Spring DispatcherServlet 'dispatcherServlet'
2022-11-13 01:13:55.907  INFO 19596 --- [http-nio-8080-exec-2] o.s.web.servlet.DispatcherServlet        : Initializing Servlet 'dispatcherServlet'
2022-11-13 01:13:55.932  INFO 19596 --- [http-nio-8080-exec-2] o.s.web.servlet.DispatcherServlet        : Completed initialization in 24 ms
2022-11-13 01:17:55.206  WARN 19596 --- [HikariPool-1 housekeeper] com.zaxxer.hikari.pool.HikariPool        : HikariPool-1 - Thread starvation or clock leap detected (housekeeper delta=1m19s747ms).
2022-11-13 01:19:18.926  WARN 19596 --- [http-nio-8080-exec-10] o.s.web.servlet.PageNotFound             : No mapping for POST /api/auth/
2022-11-13 01:19:27.342  WARN 19596 --- [http-nio-8080-exec-1] o.s.web.servlet.PageNotFound             : No mapping for POST /api/auth/
2022-11-13 01:19:32.467  WARN 19596 --- [http-nio-8080-exec-2] o.s.web.servlet.PageNotFound             : No mapping for POST /api/auth/
2022-11-13 01:21:51.803  INFO 19596 --- [SpringApplicationShutdownHook] j.LocalContainerEntityManagerFactoryBean : Closing JPA EntityManagerFactory for persistence unit 'default'
2022-11-13 01:21:51.871  INFO 19596 --- [SpringApplicationShutdownHook] com.zaxxer.hikari.HikariDataSource       : HikariPool-1 - Shutdown initiated...
2022-11-13 01:21:51.929  INFO 19596 --- [SpringApplicationShutdownHook] com.zaxxer.hikari.HikariDataSource       : HikariPool-1 - Shutdown completed.
2022-11-13 01:22:00.163  INFO 20508 --- [restartedMain] com.newsApp_be.NewsAppBeApplication      : Starting NewsAppBeApplication using Java 17.0.4.1 on MacOnes-MBP-2 with PID 20508 (/Users/tranduykhanh/Documents/KHANH_TD/tham_khao/target/classes started by tranduykhanh in /Users/tranduykhanh/Documents/KHANH_TD/tham_khao)
2022-11-13 01:22:00.167  INFO 20508 --- [restartedMain] com.newsApp_be.NewsAppBeApplication      : No active profile set, falling back to 1 default profile: "default"
2022-11-13 01:22:00.306  INFO 20508 --- [restartedMain] .e.DevToolsPropertyDefaultsPostProcessor : Devtools property defaults active! Set 'spring.devtools.add-properties' to 'false' to disable
2022-11-13 01:22:00.307  INFO 20508 --- [restartedMain] .e.DevToolsPropertyDefaultsPostProcessor : For additional web related logging consider setting the 'logging.level.web' property to 'DEBUG'
2022-11-13 01:22:01.364  INFO 20508 --- [restartedMain] .s.d.r.c.RepositoryConfigurationDelegate : Bootstrapping Spring Data JPA repositories in DEFAULT mode.
2022-11-13 01:22:01.462  INFO 20508 --- [restartedMain] .s.d.r.c.RepositoryConfigurationDelegate : Finished Spring Data repository scanning in 88 ms. Found 1 JPA repository interfaces.
2022-11-13 01:22:01.900  INFO 20508 --- [restartedMain] trationDelegate$BeanPostProcessorChecker : Bean 'org.springframework.ws.config.annotation.DelegatingWsConfiguration' of type [org.springframework.ws.config.annotation.DelegatingWsConfiguration$$EnhancerBySpringCGLIB$$f765e2fb] is not eligible for getting processed by all BeanPostProcessors (for example: not eligible for auto-proxying)
2022-11-13 01:22:02.070  INFO 20508 --- [restartedMain] .w.s.a.s.AnnotationActionEndpointMapping : Supporting [WS-Addressing August 2004, WS-Addressing 1.0]
2022-11-13 01:22:03.008  INFO 20508 --- [restartedMain] o.s.b.w.embedded.tomcat.TomcatWebServer  : Tomcat initialized with port(s): 8080 (http)
2022-11-13 01:22:03.020  INFO 20508 --- [restartedMain] o.apache.catalina.core.StandardService   : Starting service [Tomcat]
2022-11-13 01:22:03.021  INFO 20508 --- [restartedMain] org.apache.catalina.core.StandardEngine  : Starting Servlet engine: [Apache Tomcat/9.0.65]
2022-11-13 01:22:03.109  INFO 20508 --- [restartedMain] o.a.c.c.C.[Tomcat].[localhost].[/]       : Initializing Spring embedded WebApplicationContext
2022-11-13 01:22:03.109  INFO 20508 --- [restartedMain] w.s.c.ServletWebServerApplicationContext : Root WebApplicationContext: initialization completed in 2801 ms
2022-11-13 01:22:03.463  INFO 20508 --- [restartedMain] o.hibernate.jpa.internal.util.LogHelper  : HHH000204: Processing PersistenceUnitInfo [name: default]
2022-11-13 01:22:03.556  INFO 20508 --- [restartedMain] org.hibernate.Version                    : HHH000412: Hibernate ORM core version 5.6.10.Final
2022-11-13 01:22:03.922  INFO 20508 --- [restartedMain] o.hibernate.annotations.common.Version   : HCANN000001: Hibernate Commons Annotations {5.1.2.Final}
2022-11-13 01:22:04.178  INFO 20508 --- [restartedMain] com.zaxxer.hikari.HikariDataSource       : HikariPool-1 - Starting...
2022-11-13 01:22:04.476  INFO 20508 --- [restartedMain] com.zaxxer.hikari.HikariDataSource       : HikariPool-1 - Start completed.
2022-11-13 01:22:04.532  INFO 20508 --- [restartedMain] org.hibernate.dialect.Dialect            : HHH000400: Using dialect: org.hibernate.dialect.MariaDBDialect
2022-11-13 01:22:06.995  INFO 20508 --- [restartedMain] o.h.e.t.j.p.i.JtaPlatformInitiator       : HHH000490: Using JtaPlatform implementation: [org.hibernate.engine.transaction.jta.platform.internal.NoJtaPlatform]
2022-11-13 01:22:07.016  INFO 20508 --- [restartedMain] j.LocalContainerEntityManagerFactoryBean : Initialized JPA EntityManagerFactory for persistence unit 'default'
2022-11-13 01:22:07.620  WARN 20508 --- [restartedMain] JpaBaseConfiguration$JpaWebConfiguration : spring.jpa.open-in-view is enabled by default. Therefore, database queries may be performed during view rendering. Explicitly configure spring.jpa.open-in-view to disable this warning
2022-11-13 01:22:08.285  INFO 20508 --- [restartedMain] o.s.s.web.DefaultSecurityFilterChain     : Will secure any request with [org.springframework.security.web.session.DisableEncodeUrlFilter@17bb07c4, org.springframework.security.web.context.request.async.WebAsyncManagerIntegrationFilter@5fdd6ed1, org.springframework.security.web.context.SecurityContextPersistenceFilter@5c205a02, org.springframework.security.web.header.HeaderWriterFilter@5080396, org.springframework.web.filter.CorsFilter@24870a2, org.springframework.security.web.authentication.logout.LogoutFilter@1a8dafe3, com.newsApp_be.security.jwt.AuthTokenFilter@136d662e, org.springframework.security.web.savedrequest.RequestCacheAwareFilter@62ff5fb6, org.springframework.security.web.servletapi.SecurityContextHolderAwareRequestFilter@33f15d3f, org.springframework.security.web.authentication.AnonymousAuthenticationFilter@6e97f3da, org.springframework.security.web.session.SessionManagementFilter@7130655e, org.springframework.security.web.access.ExceptionTranslationFilter@3c854be8, org.springframework.security.web.access.intercept.FilterSecurityInterceptor@7eed4d40]
2022-11-13 01:22:08.620  INFO 20508 --- [restartedMain] o.s.b.d.a.OptionalLiveReloadServer       : LiveReload server is running on port 35729
2022-11-13 01:22:08.666  INFO 20508 --- [restartedMain] o.s.b.w.embedded.tomcat.TomcatWebServer  : Tomcat started on port(s): 8080 (http) with context path ''
2022-11-13 01:22:08.683  INFO 20508 --- [restartedMain] com.newsApp_be.NewsAppBeApplication      : Started NewsAppBeApplication in 9.297 seconds (JVM running for 10.597)
2022-11-13 01:22:50.214  INFO 20508 --- [http-nio-8080-exec-2] o.a.c.c.C.[Tomcat].[localhost].[/]       : Initializing Spring DispatcherServlet 'dispatcherServlet'
2022-11-13 01:22:50.236  INFO 20508 --- [http-nio-8080-exec-2] o.s.web.servlet.DispatcherServlet        : Initializing Servlet 'dispatcherServlet'
2022-11-13 01:22:50.253  INFO 20508 --- [http-nio-8080-exec-2] o.s.web.servlet.DispatcherServlet        : Completed initialization in 17 ms
2022-11-13 01:23:57.668  INFO 20508 --- [SpringApplicationShutdownHook] j.LocalContainerEntityManagerFactoryBean : Closing JPA EntityManagerFactory for persistence unit 'default'
2022-11-13 01:23:57.735  INFO 20508 --- [SpringApplicationShutdownHook] com.zaxxer.hikari.HikariDataSource       : HikariPool-1 - Shutdown initiated...
2022-11-13 01:23:57.793  INFO 20508 --- [SpringApplicationShutdownHook] com.zaxxer.hikari.HikariDataSource       : HikariPool-1 - Shutdown completed.
2022-11-13 01:27:18.545  INFO 20827 --- [restartedMain] com.newsApp_be.NewsAppBeApplication      : Starting NewsAppBeApplication using Java 17.0.4.1 on MacOnes-MBP-2 with PID 20827 (/Users/tranduykhanh/Documents/KHANH_TD/tham_khao/target/classes started by tranduykhanh in /Users/tranduykhanh/Documents/KHANH_TD/tham_khao)
2022-11-13 01:27:18.546  INFO 20827 --- [restartedMain] com.newsApp_be.NewsAppBeApplication      : No active profile set, falling back to 1 default profile: "default"
2022-11-13 01:27:18.649  INFO 20827 --- [restartedMain] .e.DevToolsPropertyDefaultsPostProcessor : Devtools property defaults active! Set 'spring.devtools.add-properties' to 'false' to disable
2022-11-13 01:27:18.650  INFO 20827 --- [restartedMain] .e.DevToolsPropertyDefaultsPostProcessor : For additional web related logging consider setting the 'logging.level.web' property to 'DEBUG'
2022-11-13 01:27:19.502  INFO 20827 --- [restartedMain] .s.d.r.c.RepositoryConfigurationDelegate : Bootstrapping Spring Data JPA repositories in DEFAULT mode.
2022-11-13 01:27:19.585  INFO 20827 --- [restartedMain] .s.d.r.c.RepositoryConfigurationDelegate : Finished Spring Data repository scanning in 67 ms. Found 1 JPA repository interfaces.
2022-11-13 01:27:20.008  INFO 20827 --- [restartedMain] trationDelegate$BeanPostProcessorChecker : Bean 'org.springframework.ws.config.annotation.DelegatingWsConfiguration' of type [org.springframework.ws.config.annotation.DelegatingWsConfiguration$$EnhancerBySpringCGLIB$$4c4a6a66] is not eligible for getting processed by all BeanPostProcessors (for example: not eligible for auto-proxying)
2022-11-13 01:27:20.090  INFO 20827 --- [restartedMain] .w.s.a.s.AnnotationActionEndpointMapping : Supporting [WS-Addressing August 2004, WS-Addressing 1.0]
2022-11-13 01:27:20.805  INFO 20827 --- [restartedMain] o.s.b.w.embedded.tomcat.TomcatWebServer  : Tomcat initialized with port(s): 8080 (http)
2022-11-13 01:27:20.818  INFO 20827 --- [restartedMain] o.apache.catalina.core.StandardService   : Starting service [Tomcat]
2022-11-13 01:27:20.818  INFO 20827 --- [restartedMain] org.apache.catalina.core.StandardEngine  : Starting Servlet engine: [Apache Tomcat/9.0.65]
2022-11-13 01:27:20.917  INFO 20827 --- [restartedMain] o.a.c.c.C.[Tomcat].[localhost].[/]       : Initializing Spring embedded WebApplicationContext
2022-11-13 01:27:20.918  INFO 20827 --- [restartedMain] w.s.c.ServletWebServerApplicationContext : Root WebApplicationContext: initialization completed in 2266 ms
2022-11-13 01:27:21.199  INFO 20827 --- [restartedMain] o.hibernate.jpa.internal.util.LogHelper  : HHH000204: Processing PersistenceUnitInfo [name: default]
2022-11-13 01:27:21.312  INFO 20827 --- [restartedMain] org.hibernate.Version                    : HHH000412: Hibernate ORM core version 5.6.10.Final
2022-11-13 01:27:21.584  INFO 20827 --- [restartedMain] o.hibernate.annotations.common.Version   : HCANN000001: Hibernate Commons Annotations {5.1.2.Final}
2022-11-13 01:27:21.744  INFO 20827 --- [restartedMain] com.zaxxer.hikari.HikariDataSource       : HikariPool-1 - Starting...
2022-11-13 01:27:21.909  INFO 20827 --- [restartedMain] com.zaxxer.hikari.HikariDataSource       : HikariPool-1 - Start completed.
2022-11-13 01:27:21.953  INFO 20827 --- [restartedMain] org.hibernate.dialect.Dialect            : HHH000400: Using dialect: org.hibernate.dialect.MariaDBDialect
2022-11-13 01:27:23.189  INFO 20827 --- [restartedMain] o.h.e.t.j.p.i.JtaPlatformInitiator       : HHH000490: Using JtaPlatform implementation: [org.hibernate.engine.transaction.jta.platform.internal.NoJtaPlatform]
2022-11-13 01:27:23.202  INFO 20827 --- [restartedMain] j.LocalContainerEntityManagerFactoryBean : Initialized JPA EntityManagerFactory for persistence unit 'default'
2022-11-13 01:27:23.712  WARN 20827 --- [restartedMain] JpaBaseConfiguration$JpaWebConfiguration : spring.jpa.open-in-view is enabled by default. Therefore, database queries may be performed during view rendering. Explicitly configure spring.jpa.open-in-view to disable this warning
2022-11-13 01:27:24.521  INFO 20827 --- [restartedMain] o.s.s.web.DefaultSecurityFilterChain     : Will secure any request with [org.springframework.security.web.session.DisableEncodeUrlFilter@6684a31a, org.springframework.security.web.context.request.async.WebAsyncManagerIntegrationFilter@3c5fc711, org.springframework.security.web.context.SecurityContextPersistenceFilter@337a6838, org.springframework.security.web.header.HeaderWriterFilter@70d6965b, org.springframework.web.filter.CorsFilter@4027db86, org.springframework.security.web.authentication.logout.LogoutFilter@59b2f568, com.newsApp_be.security.jwt.AuthTokenFilter@136d662e, org.springframework.security.web.savedrequest.RequestCacheAwareFilter@6aaf6f85, org.springframework.security.web.servletapi.SecurityContextHolderAwareRequestFilter@7d1d3cc4, org.springframework.security.web.authentication.AnonymousAuthenticationFilter@480d6cf5, org.springframework.security.web.session.SessionManagementFilter@451fcf84, org.springframework.security.web.access.ExceptionTranslationFilter@593b204e, org.springframework.security.web.access.intercept.FilterSecurityInterceptor@533c7a38]
2022-11-13 01:27:24.864  INFO 20827 --- [restartedMain] o.s.b.d.a.OptionalLiveReloadServer       : LiveReload server is running on port 35729
2022-11-13 01:27:24.911  INFO 20827 --- [restartedMain] o.s.b.w.embedded.tomcat.TomcatWebServer  : Tomcat started on port(s): 8080 (http) with context path ''
2022-11-13 01:27:24.928  INFO 20827 --- [restartedMain] com.newsApp_be.NewsAppBeApplication      : Started NewsAppBeApplication in 7.139 seconds (JVM running for 8.621)
2022-11-13 01:28:04.804  INFO 20827 --- [http-nio-8080-exec-2] o.a.c.c.C.[Tomcat].[localhost].[/]       : Initializing Spring DispatcherServlet 'dispatcherServlet'
2022-11-13 01:28:04.805  INFO 20827 --- [http-nio-8080-exec-2] o.s.web.servlet.DispatcherServlet        : Initializing Servlet 'dispatcherServlet'
2022-11-13 01:28:04.806  INFO 20827 --- [http-nio-8080-exec-2] o.s.web.servlet.DispatcherServlet        : Completed initialization in 1 ms
2022-11-13 01:30:16.463  INFO 20827 --- [SpringApplicationShutdownHook] j.LocalContainerEntityManagerFactoryBean : Closing JPA EntityManagerFactory for persistence unit 'default'
2022-11-13 01:30:16.543  INFO 20827 --- [SpringApplicationShutdownHook] com.zaxxer.hikari.HikariDataSource       : HikariPool-1 - Shutdown initiated...
2022-11-13 01:30:16.566  INFO 20827 --- [SpringApplicationShutdownHook] com.zaxxer.hikari.HikariDataSource       : HikariPool-1 - Shutdown completed.
2022-11-13 01:30:25.079  INFO 21002 --- [restartedMain] com.newsApp_be.NewsAppBeApplication      : Starting NewsAppBeApplication using Java 17.0.4.1 on MacOnes-MBP-2 with PID 21002 (/Users/tranduykhanh/Documents/KHANH_TD/tham_khao/target/classes started by tranduykhanh in /Users/tranduykhanh/Documents/KHANH_TD/tham_khao)
2022-11-13 01:30:25.081  INFO 21002 --- [restartedMain] com.newsApp_be.NewsAppBeApplication      : No active profile set, falling back to 1 default profile: "default"
2022-11-13 01:30:25.138  INFO 21002 --- [restartedMain] .e.DevToolsPropertyDefaultsPostProcessor : Devtools property defaults active! Set 'spring.devtools.add-properties' to 'false' to disable
2022-11-13 01:30:25.138  INFO 21002 --- [restartedMain] .e.DevToolsPropertyDefaultsPostProcessor : For additional web related logging consider setting the 'logging.level.web' property to 'DEBUG'
2022-11-13 01:30:25.905  INFO 21002 --- [restartedMain] .s.d.r.c.RepositoryConfigurationDelegate : Bootstrapping Spring Data JPA repositories in DEFAULT mode.
2022-11-13 01:30:26.006  INFO 21002 --- [restartedMain] .s.d.r.c.RepositoryConfigurationDelegate : Finished Spring Data repository scanning in 88 ms. Found 1 JPA repository interfaces.
2022-11-13 01:30:26.430  INFO 21002 --- [restartedMain] trationDelegate$BeanPostProcessorChecker : Bean 'org.springframework.ws.config.annotation.DelegatingWsConfiguration' of type [org.springframework.ws.config.annotation.DelegatingWsConfiguration$$EnhancerBySpringCGLIB$$18b17549] is not eligible for getting processed by all BeanPostProcessors (for example: not eligible for auto-proxying)
2022-11-13 01:30:26.484  INFO 21002 --- [restartedMain] .w.s.a.s.AnnotationActionEndpointMapping : Supporting [WS-Addressing August 2004, WS-Addressing 1.0]
2022-11-13 01:30:27.360  INFO 21002 --- [restartedMain] o.s.b.w.embedded.tomcat.TomcatWebServer  : Tomcat initialized with port(s): 8080 (http)
2022-11-13 01:30:27.385  INFO 21002 --- [restartedMain] o.apache.catalina.core.StandardService   : Starting service [Tomcat]
2022-11-13 01:30:27.386  INFO 21002 --- [restartedMain] org.apache.catalina.core.StandardEngine  : Starting Servlet engine: [Apache Tomcat/9.0.65]
2022-11-13 01:30:27.559  INFO 21002 --- [restartedMain] o.a.c.c.C.[Tomcat].[localhost].[/]       : Initializing Spring embedded WebApplicationContext
2022-11-13 01:30:27.560  INFO 21002 --- [restartedMain] w.s.c.ServletWebServerApplicationContext : Root WebApplicationContext: initialization completed in 2421 ms
2022-11-13 01:30:27.933  INFO 21002 --- [restartedMain] o.hibernate.jpa.internal.util.LogHelper  : HHH000204: Processing PersistenceUnitInfo [name: default]
2022-11-13 01:30:27.987  INFO 21002 --- [restartedMain] org.hibernate.Version                    : HHH000412: Hibernate ORM core version 5.6.10.Final
2022-11-13 01:30:28.180  INFO 21002 --- [restartedMain] o.hibernate.annotations.common.Version   : HCANN000001: Hibernate Commons Annotations {5.1.2.Final}
2022-11-13 01:30:28.300  INFO 21002 --- [restartedMain] com.zaxxer.hikari.HikariDataSource       : HikariPool-1 - Starting...
2022-11-13 01:30:28.381  INFO 21002 --- [restartedMain] com.zaxxer.hikari.HikariDataSource       : HikariPool-1 - Start completed.
2022-11-13 01:30:28.407  INFO 21002 --- [restartedMain] org.hibernate.dialect.Dialect            : HHH000400: Using dialect: org.hibernate.dialect.MariaDBDialect
2022-11-13 01:30:29.304  INFO 21002 --- [restartedMain] o.h.e.t.j.p.i.JtaPlatformInitiator       : HHH000490: Using JtaPlatform implementation: [org.hibernate.engine.transaction.jta.platform.internal.NoJtaPlatform]
2022-11-13 01:30:29.313  INFO 21002 --- [restartedMain] j.LocalContainerEntityManagerFactoryBean : Initialized JPA EntityManagerFactory for persistence unit 'default'
2022-11-13 01:30:29.947  WARN 21002 --- [restartedMain] JpaBaseConfiguration$JpaWebConfiguration : spring.jpa.open-in-view is enabled by default. Therefore, database queries may be performed during view rendering. Explicitly configure spring.jpa.open-in-view to disable this warning
2022-11-13 01:30:30.595  INFO 21002 --- [restartedMain] o.s.s.web.DefaultSecurityFilterChain     : Will secure any request with [org.springframework.security.web.session.DisableEncodeUrlFilter@600f4685, org.springframework.security.web.context.request.async.WebAsyncManagerIntegrationFilter@46a1371c, org.springframework.security.web.context.SecurityContextPersistenceFilter@4b532adf, org.springframework.security.web.header.HeaderWriterFilter@21ba84d9, org.springframework.web.filter.CorsFilter@1de04ab1, org.springframework.security.web.authentication.logout.LogoutFilter@3d92e375, com.newsApp_be.security.jwt.AuthTokenFilter@9a766f2, org.springframework.security.web.savedrequest.RequestCacheAwareFilter@698f53a5, org.springframework.security.web.servletapi.SecurityContextHolderAwareRequestFilter@1d43674, org.springframework.security.web.authentication.AnonymousAuthenticationFilter@22201be7, org.springframework.security.web.session.SessionManagementFilter@a34c347, org.springframework.security.web.access.ExceptionTranslationFilter@4852b0ff, org.springframework.security.web.access.intercept.FilterSecurityInterceptor@774c2a4a]
2022-11-13 01:30:30.852  INFO 21002 --- [restartedMain] o.s.b.d.a.OptionalLiveReloadServer       : LiveReload server is running on port 35729
2022-11-13 01:30:30.915  INFO 21002 --- [restartedMain] o.s.b.w.embedded.tomcat.TomcatWebServer  : Tomcat started on port(s): 8080 (http) with context path ''
2022-11-13 01:30:30.932  INFO 21002 --- [restartedMain] com.newsApp_be.NewsAppBeApplication      : Started NewsAppBeApplication in 6.583 seconds (JVM running for 9.635)
2022-11-13 01:31:17.823  INFO 21002 --- [http-nio-8080-exec-1] o.a.c.c.C.[Tomcat].[localhost].[/]       : Initializing Spring DispatcherServlet 'dispatcherServlet'
2022-11-13 01:31:17.908  INFO 21002 --- [http-nio-8080-exec-1] o.s.web.servlet.DispatcherServlet        : Initializing Servlet 'dispatcherServlet'
2022-11-13 01:31:17.959  INFO 21002 --- [http-nio-8080-exec-1] o.s.web.servlet.DispatcherServlet        : Completed initialization in 50 ms
2022-11-13 01:34:34.496  WARN 21002 --- [HikariPool-1 housekeeper] com.zaxxer.hikari.pool.HikariPool        : HikariPool-1 - Thread starvation or clock leap detected (housekeeper delta=1m5s982ms).
2022-11-13 01:40:39.390  INFO 21002 --- [File Watcher] rtingClassPathChangeChangedEventListener : Restarting due to 41 class path changes (0 additions, 41 deletions, 0 modifications)
2022-11-13 01:40:39.491  INFO 21002 --- [Thread-6] o.apache.catalina.core.StandardService   : Stopping service [Tomcat]
2022-11-13 01:40:39.507  INFO 21002 --- [Thread-6] o.a.c.c.C.[Tomcat].[localhost].[/]       : Destroying Spring FrameworkServlet 'dispatcherServlet'
2022-11-13 01:40:39.535  WARN 21002 --- [Thread-6] o.a.c.loader.WebappClassLoaderBase       : The web application [ROOT] appears to have started a thread named [HikariPool-1 housekeeper] but has failed to stop it. This is very likely to create a memory leak. Stack trace of thread:
 java.base@17.0.4.1/jdk.internal.misc.Unsafe.park(Native Method)
 java.base@17.0.4.1/java.util.concurrent.locks.LockSupport.parkNanos(LockSupport.java:252)
 java.base@17.0.4.1/java.util.concurrent.locks.AbstractQueuedSynchronizer$ConditionObject.awaitNanos(AbstractQueuedSynchronizer.java:1672)
 java.base@17.0.4.1/java.util.concurrent.ScheduledThreadPoolExecutor$DelayedWorkQueue.take(ScheduledThreadPoolExecutor.java:1182)
 java.base@17.0.4.1/java.util.concurrent.ScheduledThreadPoolExecutor$DelayedWorkQueue.take(ScheduledThreadPoolExecutor.java:899)
 java.base@17.0.4.1/java.util.concurrent.ThreadPoolExecutor.getTask(ThreadPoolExecutor.java:1062)
 java.base@17.0.4.1/java.util.concurrent.ThreadPoolExecutor.runWorker(ThreadPoolExecutor.java:1122)
 java.base@17.0.4.1/java.util.concurrent.ThreadPoolExecutor$Worker.run(ThreadPoolExecutor.java:635)
 java.base@17.0.4.1/java.lang.Thread.run(Thread.java:833)
2022-11-13 01:40:39.586  INFO 21002 --- [Thread-6] j.LocalContainerEntityManagerFactoryBean : Closing JPA EntityManagerFactory for persistence unit 'default'
2022-11-13 01:40:39.670  INFO 21002 --- [Thread-6] com.zaxxer.hikari.HikariDataSource       : HikariPool-1 - Shutdown initiated...
2022-11-13 01:40:39.708  INFO 21002 --- [Thread-6] com.zaxxer.hikari.HikariDataSource       : HikariPool-1 - Shutdown completed.
2022-11-13 01:46:13.690  INFO 22034 --- [restartedMain] com.newsApp_be.NewsAppBeApplication      : Starting NewsAppBeApplication using Java 17.0.4.1 on MacOnes-MBP-2 with PID 22034 (/Users/tranduykhanh/Documents/KHANH_TD/newsApp_be_V2/target/classes started by tranduykhanh in /Users/tranduykhanh/Documents/KHANH_TD/newsApp_be_V2)
2022-11-13 01:46:13.692  INFO 22034 --- [restartedMain] com.newsApp_be.NewsAppBeApplication      : No active profile set, falling back to 1 default profile: "default"
2022-11-13 01:46:13.748  INFO 22034 --- [restartedMain] .e.DevToolsPropertyDefaultsPostProcessor : Devtools property defaults active! Set 'spring.devtools.add-properties' to 'false' to disable
2022-11-13 01:46:13.748  INFO 22034 --- [restartedMain] .e.DevToolsPropertyDefaultsPostProcessor : For additional web related logging consider setting the 'logging.level.web' property to 'DEBUG'
2022-11-13 01:46:14.720  INFO 22034 --- [restartedMain] .s.d.r.c.RepositoryConfigurationDelegate : Bootstrapping Spring Data JPA repositories in DEFAULT mode.
2022-11-13 01:46:14.838  INFO 22034 --- [restartedMain] .s.d.r.c.RepositoryConfigurationDelegate : Finished Spring Data repository scanning in 102 ms. Found 1 JPA repository interfaces.
2022-11-13 01:46:15.223  INFO 22034 --- [restartedMain] trationDelegate$BeanPostProcessorChecker : Bean 'org.springframework.ws.config.annotation.DelegatingWsConfiguration' of type [org.springframework.ws.config.annotation.DelegatingWsConfiguration$$EnhancerBySpringCGLIB$$d3738502] is not eligible for getting processed by all BeanPostProcessors (for example: not eligible for auto-proxying)
2022-11-13 01:46:15.278  INFO 22034 --- [restartedMain] .w.s.a.s.AnnotationActionEndpointMapping : Supporting [WS-Addressing August 2004, WS-Addressing 1.0]
2022-11-13 01:46:15.973  INFO 22034 --- [restartedMain] o.s.b.w.embedded.tomcat.TomcatWebServer  : Tomcat initialized with port(s): 8080 (http)
2022-11-13 01:46:15.984  INFO 22034 --- [restartedMain] o.apache.catalina.core.StandardService   : Starting service [Tomcat]
2022-11-13 01:46:15.985  INFO 22034 --- [restartedMain] org.apache.catalina.core.StandardEngine  : Starting Servlet engine: [Apache Tomcat/9.0.65]
2022-11-13 01:46:16.091  INFO 22034 --- [restartedMain] o.a.c.c.C.[Tomcat].[localhost].[/]       : Initializing Spring embedded WebApplicationContext
2022-11-13 01:46:16.091  INFO 22034 --- [restartedMain] w.s.c.ServletWebServerApplicationContext : Root WebApplicationContext: initialization completed in 2342 ms
2022-11-13 01:46:16.329  INFO 22034 --- [restartedMain] o.hibernate.jpa.internal.util.LogHelper  : HHH000204: Processing PersistenceUnitInfo [name: default]
2022-11-13 01:46:16.419  INFO 22034 --- [restartedMain] org.hibernate.Version                    : HHH000412: Hibernate ORM core version 5.6.10.Final
2022-11-13 01:46:16.640  INFO 22034 --- [restartedMain] o.hibernate.annotations.common.Version   : HCANN000001: Hibernate Commons Annotations {5.1.2.Final}
2022-11-13 01:46:16.789  INFO 22034 --- [restartedMain] com.zaxxer.hikari.HikariDataSource       : HikariPool-1 - Starting...
2022-11-13 01:46:16.932  INFO 22034 --- [restartedMain] com.zaxxer.hikari.HikariDataSource       : HikariPool-1 - Start completed.
2022-11-13 01:46:16.964  INFO 22034 --- [restartedMain] org.hibernate.dialect.Dialect            : HHH000400: Using dialect: org.hibernate.dialect.MariaDBDialect
2022-11-13 01:46:18.134  INFO 22034 --- [restartedMain] o.h.e.t.j.p.i.JtaPlatformInitiator       : HHH000490: Using JtaPlatform implementation: [org.hibernate.engine.transaction.jta.platform.internal.NoJtaPlatform]
2022-11-13 01:46:18.150  INFO 22034 --- [restartedMain] j.LocalContainerEntityManagerFactoryBean : Initialized JPA EntityManagerFactory for persistence unit 'default'
2022-11-13 01:46:18.657  WARN 22034 --- [restartedMain] JpaBaseConfiguration$JpaWebConfiguration : spring.jpa.open-in-view is enabled by default. Therefore, database queries may be performed during view rendering. Explicitly configure spring.jpa.open-in-view to disable this warning
2022-11-13 01:46:19.350  INFO 22034 --- [restartedMain] o.s.s.web.DefaultSecurityFilterChain     : Will secure any request with [org.springframework.security.web.session.DisableEncodeUrlFilter@41217bb2, org.springframework.security.web.context.request.async.WebAsyncManagerIntegrationFilter@2b4fa6c2, org.springframework.security.web.context.SecurityContextPersistenceFilter@64fc040f, org.springframework.security.web.header.HeaderWriterFilter@194a10a7, org.springframework.web.filter.CorsFilter@774fc1df, org.springframework.security.web.authentication.logout.LogoutFilter@4168c28c, com.newsApp_be.security.jwt.AuthTokenFilter@117294b3, org.springframework.security.web.savedrequest.RequestCacheAwareFilter@cc5393f, org.springframework.security.web.servletapi.SecurityContextHolderAwareRequestFilter@4603de04, org.springframework.security.web.authentication.AnonymousAuthenticationFilter@f8078f3, org.springframework.security.web.session.SessionManagementFilter@3d34a9a7, org.springframework.security.web.access.ExceptionTranslationFilter@47c260ed, org.springframework.security.web.access.intercept.FilterSecurityInterceptor@334d8a4c]
2022-11-13 01:46:19.624  INFO 22034 --- [restartedMain] o.s.b.d.a.OptionalLiveReloadServer       : LiveReload server is running on port 35729
2022-11-13 01:46:19.679  INFO 22034 --- [restartedMain] o.s.b.w.embedded.tomcat.TomcatWebServer  : Tomcat started on port(s): 8080 (http) with context path ''
2022-11-13 01:46:19.695  INFO 22034 --- [restartedMain] com.newsApp_be.NewsAppBeApplication      : Started NewsAppBeApplication in 6.749 seconds (JVM running for 8.859)
2022-11-13 01:46:24.125  INFO 22034 --- [File Watcher] rtingClassPathChangeChangedEventListener : Restarting due to 1 class path change (1 addition, 0 deletions, 0 modifications)
2022-11-13 01:46:24.166  INFO 22034 --- [Thread-6] o.apache.catalina.core.StandardService   : Stopping service [Tomcat]
2022-11-13 01:46:24.351  WARN 22034 --- [Thread-6] o.a.c.loader.WebappClassLoaderBase       : The web application [ROOT] appears to have started a thread named [HikariPool-1 housekeeper] but has failed to stop it. This is very likely to create a memory leak. Stack trace of thread:
 java.base@17.0.4.1/jdk.internal.misc.Unsafe.park(Native Method)
 java.base@17.0.4.1/java.util.concurrent.locks.LockSupport.parkNanos(LockSupport.java:252)
 java.base@17.0.4.1/java.util.concurrent.locks.AbstractQueuedSynchronizer$ConditionObject.awaitNanos(AbstractQueuedSynchronizer.java:1672)
 java.base@17.0.4.1/java.util.concurrent.ScheduledThreadPoolExecutor$DelayedWorkQueue.take(ScheduledThreadPoolExecutor.java:1182)
 java.base@17.0.4.1/java.util.concurrent.ScheduledThreadPoolExecutor$DelayedWorkQueue.take(ScheduledThreadPoolExecutor.java:899)
 java.base@17.0.4.1/java.util.concurrent.ThreadPoolExecutor.getTask(ThreadPoolExecutor.java:1062)
 java.base@17.0.4.1/java.util.concurrent.ThreadPoolExecutor.runWorker(ThreadPoolExecutor.java:1122)
 java.base@17.0.4.1/java.util.concurrent.ThreadPoolExecutor$Worker.run(ThreadPoolExecutor.java:635)
 java.base@17.0.4.1/java.lang.Thread.run(Thread.java:833)
2022-11-13 01:46:24.370  INFO 22034 --- [Thread-6] j.LocalContainerEntityManagerFactoryBean : Closing JPA EntityManagerFactory for persistence unit 'default'
2022-11-13 01:46:24.417  INFO 22034 --- [Thread-6] com.zaxxer.hikari.HikariDataSource       : HikariPool-1 - Shutdown initiated...
2022-11-13 01:46:24.445  INFO 22034 --- [Thread-6] com.zaxxer.hikari.HikariDataSource       : HikariPool-1 - Shutdown completed.
2022-11-13 01:46:24.990  INFO 22034 --- [restartedMain] com.newsApp_be.NewsAppBeApplication      : Starting NewsAppBeApplication using Java 17.0.4.1 on MacOnes-MBP-2 with PID 22034 (/Users/tranduykhanh/Documents/KHANH_TD/newsApp_be_V2/target/classes started by tranduykhanh in /Users/tranduykhanh/Documents/KHANH_TD/newsApp_be_V2)
2022-11-13 01:46:25.042  INFO 22034 --- [restartedMain] com.newsApp_be.NewsAppBeApplication      : No active profile set, falling back to 1 default profile: "default"
2022-11-13 01:46:26.863  INFO 22034 --- [restartedMain] .s.d.r.c.RepositoryConfigurationDelegate : Bootstrapping Spring Data JPA repositories in DEFAULT mode.
2022-11-13 01:46:27.078  INFO 22034 --- [restartedMain] .s.d.r.c.RepositoryConfigurationDelegate : Finished Spring Data repository scanning in 214 ms. Found 1 JPA repository interfaces.
2022-11-13 01:46:27.394  INFO 22034 --- [restartedMain] trationDelegate$BeanPostProcessorChecker : Bean 'org.springframework.ws.config.annotation.DelegatingWsConfiguration' of type [org.springframework.ws.config.annotation.DelegatingWsConfiguration$$EnhancerBySpringCGLIB$$d3738502] is not eligible for getting processed by all BeanPostProcessors (for example: not eligible for auto-proxying)
2022-11-13 01:46:27.401  INFO 22034 --- [restartedMain] .w.s.a.s.AnnotationActionEndpointMapping : Supporting [WS-Addressing August 2004, WS-Addressing 1.0]
2022-11-13 01:46:28.085  INFO 22034 --- [restartedMain] o.s.b.w.embedded.tomcat.TomcatWebServer  : Tomcat initialized with port(s): 8080 (http)
2022-11-13 01:46:28.103  INFO 22034 --- [restartedMain] o.apache.catalina.core.StandardService   : Starting service [Tomcat]
2022-11-13 01:46:28.103  INFO 22034 --- [restartedMain] org.apache.catalina.core.StandardEngine  : Starting Servlet engine: [Apache Tomcat/9.0.65]
2022-11-13 01:46:28.179  INFO 22034 --- [restartedMain] o.a.c.c.C.[Tomcat].[localhost].[/]       : Initializing Spring embedded WebApplicationContext
2022-11-13 01:46:28.179  INFO 22034 --- [restartedMain] w.s.c.ServletWebServerApplicationContext : Root WebApplicationContext: initialization completed in 3125 ms
2022-11-13 01:46:28.629  INFO 22034 --- [restartedMain] o.hibernate.jpa.internal.util.LogHelper  : HHH000204: Processing PersistenceUnitInfo [name: default]
2022-11-13 01:46:28.636  INFO 22034 --- [restartedMain] com.zaxxer.hikari.HikariDataSource       : HikariPool-2 - Starting...
2022-11-13 01:46:28.705  INFO 22034 --- [restartedMain] com.zaxxer.hikari.HikariDataSource       : HikariPool-2 - Start completed.
2022-11-13 01:46:28.708  INFO 22034 --- [restartedMain] org.hibernate.dialect.Dialect            : HHH000400: Using dialect: org.hibernate.dialect.MariaDBDialect
2022-11-13 01:46:29.194  INFO 22034 --- [restartedMain] o.h.e.t.j.p.i.JtaPlatformInitiator       : HHH000490: Using JtaPlatform implementation: [org.hibernate.engine.transaction.jta.platform.internal.NoJtaPlatform]
2022-11-13 01:46:29.196  INFO 22034 --- [restartedMain] j.LocalContainerEntityManagerFactoryBean : Initialized JPA EntityManagerFactory for persistence unit 'default'
2022-11-13 01:46:29.565  WARN 22034 --- [restartedMain] JpaBaseConfiguration$JpaWebConfiguration : spring.jpa.open-in-view is enabled by default. Therefore, database queries may be performed during view rendering. Explicitly configure spring.jpa.open-in-view to disable this warning
2022-11-13 01:46:30.150  INFO 22034 --- [restartedMain] o.s.s.web.DefaultSecurityFilterChain     : Will secure any request with [org.springframework.security.web.session.DisableEncodeUrlFilter@7c8d566a, org.springframework.security.web.context.request.async.WebAsyncManagerIntegrationFilter@7499229d, org.springframework.security.web.context.SecurityContextPersistenceFilter@76669e40, org.springframework.security.web.header.HeaderWriterFilter@52281148, org.springframework.web.filter.CorsFilter@a6fa0e2, org.springframework.security.web.authentication.logout.LogoutFilter@54cbec44, com.newsApp_be.security.jwt.AuthTokenFilter@2804cf63, org.springframework.security.web.savedrequest.RequestCacheAwareFilter@45599d5a, org.springframework.security.web.servletapi.SecurityContextHolderAwareRequestFilter@576976e8, org.springframework.security.web.authentication.AnonymousAuthenticationFilter@18a35da4, org.springframework.security.web.session.SessionManagementFilter@301e3561, org.springframework.security.web.access.ExceptionTranslationFilter@2463957, org.springframework.security.web.access.intercept.FilterSecurityInterceptor@6d0ffa39]
2022-11-13 01:46:30.338  INFO 22034 --- [restartedMain] o.s.b.d.a.OptionalLiveReloadServer       : LiveReload server is running on port 35729
2022-11-13 01:46:30.365  INFO 22034 --- [restartedMain] o.s.b.w.embedded.tomcat.TomcatWebServer  : Tomcat started on port(s): 8080 (http) with context path ''
2022-11-13 01:46:30.374  INFO 22034 --- [restartedMain] com.newsApp_be.NewsAppBeApplication      : Started NewsAppBeApplication in 5.592 seconds (JVM running for 19.537)
2022-11-13 01:46:30.382  INFO 22034 --- [restartedMain] .ConditionEvaluationDeltaLoggingListener : Condition evaluation unchanged
2022-11-13 01:46:33.090  INFO 22034 --- [http-nio-8080-exec-2] o.a.c.c.C.[Tomcat].[localhost].[/]       : Initializing Spring DispatcherServlet 'dispatcherServlet'
2022-11-13 01:46:33.090  INFO 22034 --- [http-nio-8080-exec-2] o.s.web.servlet.DispatcherServlet        : Initializing Servlet 'dispatcherServlet'
2022-11-13 01:46:33.092  INFO 22034 --- [http-nio-8080-exec-2] o.s.web.servlet.DispatcherServlet        : Completed initialization in 2 ms
